ERROR - 2024-11-25 06:15:06 --> Error connecting to the database: ErrorException: pg_connect(): Unable to connect to PostgreSQL server: could not translate host name &quot;hospital&quot; to address: nodename nor servname provided, or not known in /Users/ahmadrizkimaulana/Downloads/clinicBack/system/Database/Postgre/Connection.php:77
Stack trace:
#0 [internal function]: CodeIgniter\Debug\Exceptions->errorHandler(2, 'pg_connect(): U...', '/Users/ahmadriz...', 77)
#1 /Users/ahmadrizkimaulana/Downloads/clinicBack/system/Database/Postgre/Connection.php(77): pg_connect('host=hospital p...')
#2 /Users/ahmadrizkimaulana/Downloads/clinicBack/system/Database/BaseConnection.php(421): CodeIgniter\Database\Postgre\Connection->connect(false)
#3 /Users/ahmadrizkimaulana/Downloads/clinicBack/system/Database/BaseConnection.php(616): CodeIgniter\Database\BaseConnection->initialize()
#4 /Users/ahmadrizkimaulana/Downloads/clinicBack/system/Database/BaseBuilder.php(1644): CodeIgniter\Database\BaseConnection->query('SELECT *\nFROM "...', Array, false)
#5 /Users/ahmadrizkimaulana/Downloads/clinicBack/system/Model.php(286): CodeIgniter\Database\BaseBuilder->get()
#6 /Users/ahmadrizkimaulana/Downloads/clinicBack/system/BaseModel.php(676): CodeIgniter\Model->doFindAll(0, 0)
#7 /Users/ahmadrizkimaulana/Downloads/clinicBack/app/Controllers/DataController.php(26): CodeIgniter\BaseModel->findAll()
#8 /Users/ahmadrizkimaulana/Downloads/clinicBack/system/CodeIgniter.php(933): App\Controllers\DataController->getAntreanToday()
#9 /Users/ahmadrizkimaulana/Downloads/clinicBack/system/CodeIgniter.php(509): CodeIgniter\CodeIgniter->runController(Object(App\Controllers\DataController))
#10 /Users/ahmadrizkimaulana/Downloads/clinicBack/system/CodeIgniter.php(355): CodeIgniter\CodeIgniter->handleRequest(NULL, Object(Config\Cache), false)
#11 /Users/ahmadrizkimaulana/Downloads/clinicBack/system/Boot.php(325): CodeIgniter\CodeIgniter->run()
#12 /Users/ahmadrizkimaulana/Downloads/clinicBack/system/Boot.php(67): CodeIgniter\Boot::runCodeIgniter(Object(CodeIgniter\CodeIgniter))
#13 /Users/ahmadrizkimaulana/Downloads/clinicBack/public/index.php(56): CodeIgniter\Boot::bootWeb(Object(Config\Paths))
#14 /Users/ahmadrizkimaulana/Downloads/clinicBack/system/rewrite.php(44): require_once('/Users/ahmadriz...')
#15 {main}
CRITICAL - 2024-11-25 06:15:06 --> CodeIgniter\Database\Exceptions\DatabaseException: Unable to connect to the database.
Main connection [Postgre]: pg_connect(): Unable to connect to PostgreSQL server: could not translate host name &quot;hospital&quot; to address: nodename nor servname provided, or not known
[Method: GET, Route: data/getAntreanToday]
in SYSTEMPATH/Database/BaseConnection.php on line 467.
 1 SYSTEMPATH/Database/BaseConnection.php(616): CodeIgniter\Database\BaseConnection->initialize()
 2 SYSTEMPATH/Database/BaseBuilder.php(1644): CodeIgniter\Database\BaseConnection->query('SELECT *
FROM "your_table_name"
WHERE "tgl" = :tgl:', [...], false)
 3 SYSTEMPATH/Model.php(286): CodeIgniter\Database\BaseBuilder->get()
 4 SYSTEMPATH/BaseModel.php(676): CodeIgniter\Model->doFindAll(0, 0)
 5 APPPATH/Controllers/DataController.php(26): CodeIgniter\BaseModel->findAll()
 6 SYSTEMPATH/CodeIgniter.php(933): App\Controllers\DataController->getAntreanToday()
 7 SYSTEMPATH/CodeIgniter.php(509): CodeIgniter\CodeIgniter->runController(Object(App\Controllers\DataController))
 8 SYSTEMPATH/CodeIgniter.php(355): CodeIgniter\CodeIgniter->handleRequest(null, Object(Config\Cache), false)
 9 SYSTEMPATH/Boot.php(325): CodeIgniter\CodeIgniter->run()
10 SYSTEMPATH/Boot.php(67): CodeIgniter\Boot::runCodeIgniter(Object(CodeIgniter\CodeIgniter))
11 FCPATH/index.php(56): CodeIgniter\Boot::bootWeb(Object(Config\Paths))
12 SYSTEMPATH/rewrite.php(44): require_once('/Users/ahmadrizkimaulana/Downloads/clinicBack/public/index.php')
ERROR - 2024-11-25 06:15:51 --> Error connecting to the database: ErrorException: pg_connect(): Unable to connect to PostgreSQL server: could not translate host name &quot;hospital&quot; to address: nodename nor servname provided, or not known in /Users/ahmadrizkimaulana/Downloads/clinicBack/system/Database/Postgre/Connection.php:77
Stack trace:
#0 [internal function]: CodeIgniter\Debug\Exceptions->errorHandler(2, 'pg_connect(): U...', '/Users/ahmadriz...', 77)
#1 /Users/ahmadrizkimaulana/Downloads/clinicBack/system/Database/Postgre/Connection.php(77): pg_connect('host=hospital p...')
#2 /Users/ahmadrizkimaulana/Downloads/clinicBack/system/Database/BaseConnection.php(421): CodeIgniter\Database\Postgre\Connection->connect(false)
#3 /Users/ahmadrizkimaulana/Downloads/clinicBack/system/Database/BaseConnection.php(616): CodeIgniter\Database\BaseConnection->initialize()
#4 /Users/ahmadrizkimaulana/Downloads/clinicBack/system/Database/BaseBuilder.php(1644): CodeIgniter\Database\BaseConnection->query('SELECT *\nFROM "...', Array, false)
#5 /Users/ahmadrizkimaulana/Downloads/clinicBack/system/Model.php(286): CodeIgniter\Database\BaseBuilder->get()
#6 /Users/ahmadrizkimaulana/Downloads/clinicBack/system/BaseModel.php(676): CodeIgniter\Model->doFindAll(0, 0)
#7 /Users/ahmadrizkimaulana/Downloads/clinicBack/app/Controllers/DataController.php(26): CodeIgniter\BaseModel->findAll()
#8 /Users/ahmadrizkimaulana/Downloads/clinicBack/system/CodeIgniter.php(933): App\Controllers\DataController->getAntreanToday()
#9 /Users/ahmadrizkimaulana/Downloads/clinicBack/system/CodeIgniter.php(509): CodeIgniter\CodeIgniter->runController(Object(App\Controllers\DataController))
#10 /Users/ahmadrizkimaulana/Downloads/clinicBack/system/CodeIgniter.php(355): CodeIgniter\CodeIgniter->handleRequest(NULL, Object(Config\Cache), false)
#11 /Users/ahmadrizkimaulana/Downloads/clinicBack/system/Boot.php(325): CodeIgniter\CodeIgniter->run()
#12 /Users/ahmadrizkimaulana/Downloads/clinicBack/system/Boot.php(67): CodeIgniter\Boot::runCodeIgniter(Object(CodeIgniter\CodeIgniter))
#13 /Users/ahmadrizkimaulana/Downloads/clinicBack/public/index.php(56): CodeIgniter\Boot::bootWeb(Object(Config\Paths))
#14 /Users/ahmadrizkimaulana/Downloads/clinicBack/system/rewrite.php(44): require_once('/Users/ahmadriz...')
#15 {main}
CRITICAL - 2024-11-25 06:15:51 --> CodeIgniter\Database\Exceptions\DatabaseException: Unable to connect to the database.
Main connection [Postgre]: pg_connect(): Unable to connect to PostgreSQL server: could not translate host name &quot;hospital&quot; to address: nodename nor servname provided, or not known
[Method: GET, Route: data/getAntreanToday]
in SYSTEMPATH/Database/BaseConnection.php on line 467.
 1 SYSTEMPATH/Database/BaseConnection.php(616): CodeIgniter\Database\BaseConnection->initialize()
 2 SYSTEMPATH/Database/BaseBuilder.php(1644): CodeIgniter\Database\BaseConnection->query('SELECT *
FROM "your_table_name"
WHERE "tgl" = :tgl:', [...], false)
 3 SYSTEMPATH/Model.php(286): CodeIgniter\Database\BaseBuilder->get()
 4 SYSTEMPATH/BaseModel.php(676): CodeIgniter\Model->doFindAll(0, 0)
 5 APPPATH/Controllers/DataController.php(26): CodeIgniter\BaseModel->findAll()
 6 SYSTEMPATH/CodeIgniter.php(933): App\Controllers\DataController->getAntreanToday()
 7 SYSTEMPATH/CodeIgniter.php(509): CodeIgniter\CodeIgniter->runController(Object(App\Controllers\DataController))
 8 SYSTEMPATH/CodeIgniter.php(355): CodeIgniter\CodeIgniter->handleRequest(null, Object(Config\Cache), false)
 9 SYSTEMPATH/Boot.php(325): CodeIgniter\CodeIgniter->run()
10 SYSTEMPATH/Boot.php(67): CodeIgniter\Boot::runCodeIgniter(Object(CodeIgniter\CodeIgniter))
11 FCPATH/index.php(56): CodeIgniter\Boot::bootWeb(Object(Config\Paths))
12 SYSTEMPATH/rewrite.php(44): require_once('/Users/ahmadrizkimaulana/Downloads/clinicBack/public/index.php')
CRITICAL - 2024-11-25 06:27:24 --> Error: Class "App\Controllers\BaseController" not found
[Method: GET, Route: /]
in APPPATH/Controllers/Home.php on line 5.
 1 SYSTEMPATH/Autoloader/Autoloader.php(317): include_once()
 2 SYSTEMPATH/Autoloader/Autoloader.php(296): CodeIgniter\Autoloader\Autoloader->includeFile('/Users/ahmadrizkimaulana/Downloads/clinicBack/app/Controllers/Home.php')
 3 SYSTEMPATH/Autoloader/Autoloader.php(272): CodeIgniter\Autoloader\Autoloader->loadInNamespace('App\\Controllers\\Home')
 4 [internal function]: CodeIgniter\Autoloader\Autoloader->loadClass('App\\Controllers\\Home')
 5 SYSTEMPATH/CodeIgniter.php(887): class_exists('\\App\\Controllers\\Home', true)
 6 SYSTEMPATH/CodeIgniter.php(496): CodeIgniter\CodeIgniter->startController()
 7 SYSTEMPATH/CodeIgniter.php(355): CodeIgniter\CodeIgniter->handleRequest(null, Object(Config\Cache), false)
 8 SYSTEMPATH/Boot.php(325): CodeIgniter\CodeIgniter->run()
 9 SYSTEMPATH/Boot.php(67): CodeIgniter\Boot::runCodeIgniter(Object(CodeIgniter\CodeIgniter))
10 FCPATH/index.php(56): CodeIgniter\Boot::bootWeb(Object(Config\Paths))
11 SYSTEMPATH/rewrite.php(44): require_once('/Users/ahmadrizkimaulana/Downloads/clinicBack/public/index.php')
CRITICAL - 2024-11-25 07:05:56 --> Error: Call to a member function findAll() on null
[Method: GET, Route: api/v1/users]
in APPPATH/Controllers/DataController.php on line 15.
 1 SYSTEMPATH/CodeIgniter.php(933): App\Controllers\DataController->index()
 2 SYSTEMPATH/CodeIgniter.php(509): CodeIgniter\CodeIgniter->runController(Object(App\Controllers\DataController))
 3 SYSTEMPATH/CodeIgniter.php(355): CodeIgniter\CodeIgniter->handleRequest(null, Object(Config\Cache), false)
 4 SYSTEMPATH/Boot.php(325): CodeIgniter\CodeIgniter->run()
 5 SYSTEMPATH/Boot.php(67): CodeIgniter\Boot::runCodeIgniter(Object(CodeIgniter\CodeIgniter))
 6 FCPATH/index.php(56): CodeIgniter\Boot::bootWeb(Object(Config\Paths))
 7 SYSTEMPATH/rewrite.php(44): require_once('/Users/ahmadrizkimaulana/Downloads/clinicBack/public/index.php')
CRITICAL - 2024-11-25 07:07:13 --> Error: Call to a member function findAll() on null
[Method: GET, Route: api/v1/users]
in APPPATH/Controllers/DataController.php on line 15.
 1 SYSTEMPATH/CodeIgniter.php(933): App\Controllers\DataController->index()
 2 SYSTEMPATH/CodeIgniter.php(509): CodeIgniter\CodeIgniter->runController(Object(App\Controllers\DataController))
 3 SYSTEMPATH/CodeIgniter.php(355): CodeIgniter\CodeIgniter->handleRequest(null, Object(Config\Cache), false)
 4 SYSTEMPATH/Boot.php(325): CodeIgniter\CodeIgniter->run()
 5 SYSTEMPATH/Boot.php(67): CodeIgniter\Boot::runCodeIgniter(Object(CodeIgniter\CodeIgniter))
 6 FCPATH/index.php(56): CodeIgniter\Boot::bootWeb(Object(Config\Paths))
 7 SYSTEMPATH/rewrite.php(44): require_once('/Users/ahmadrizkimaulana/Downloads/clinicBack/public/index.php')
CRITICAL - 2024-11-25 07:08:25 --> Error: Class "App\Controllers\BaseController" not found
[Method: GET, Route: /]
in APPPATH/Controllers/Home.php on line 5.
 1 SYSTEMPATH/Autoloader/Autoloader.php(317): include_once()
 2 SYSTEMPATH/Autoloader/Autoloader.php(296): CodeIgniter\Autoloader\Autoloader->includeFile('/Users/ahmadrizkimaulana/Downloads/clinicBack/app/Controllers/Home.php')
 3 SYSTEMPATH/Autoloader/Autoloader.php(272): CodeIgniter\Autoloader\Autoloader->loadInNamespace('App\\Controllers\\Home')
 4 [internal function]: CodeIgniter\Autoloader\Autoloader->loadClass('App\\Controllers\\Home')
 5 SYSTEMPATH/CodeIgniter.php(887): class_exists('\\App\\Controllers\\Home', true)
 6 SYSTEMPATH/CodeIgniter.php(496): CodeIgniter\CodeIgniter->startController()
 7 SYSTEMPATH/CodeIgniter.php(355): CodeIgniter\CodeIgniter->handleRequest(null, Object(Config\Cache), false)
 8 SYSTEMPATH/Boot.php(325): CodeIgniter\CodeIgniter->run()
 9 SYSTEMPATH/Boot.php(67): CodeIgniter\Boot::runCodeIgniter(Object(CodeIgniter\CodeIgniter))
10 FCPATH/index.php(56): CodeIgniter\Boot::bootWeb(Object(Config\Paths))
11 SYSTEMPATH/rewrite.php(44): require_once('/Users/ahmadrizkimaulana/Downloads/clinicBack/public/index.php')
ERROR - 2024-11-25 07:10:46 --> Error connecting to the database: ErrorException: pg_connect(): Unable to connect to PostgreSQL server: could not translate host name &quot;hospital&quot; to address: nodename nor servname provided, or not known in /Users/ahmadrizkimaulana/Downloads/clinicBack/system/Database/Postgre/Connection.php:77
Stack trace:
#0 [internal function]: CodeIgniter\Debug\Exceptions->errorHandler(2, 'pg_connect(): U...', '/Users/ahmadriz...', 77)
#1 /Users/ahmadrizkimaulana/Downloads/clinicBack/system/Database/Postgre/Connection.php(77): pg_connect('host=hospital p...')
#2 /Users/ahmadrizkimaulana/Downloads/clinicBack/system/Database/BaseConnection.php(421): CodeIgniter\Database\Postgre\Connection->connect(false)
#3 /Users/ahmadrizkimaulana/Downloads/clinicBack/system/Database/BaseConnection.php(616): CodeIgniter\Database\BaseConnection->initialize()
#4 /Users/ahmadrizkimaulana/Downloads/clinicBack/system/Database/BaseBuilder.php(1644): CodeIgniter\Database\BaseConnection->query('SELECT *\nFROM "...', Array, false)
#5 /Users/ahmadrizkimaulana/Downloads/clinicBack/system/Model.php(286): CodeIgniter\Database\BaseBuilder->get()
#6 /Users/ahmadrizkimaulana/Downloads/clinicBack/system/BaseModel.php(676): CodeIgniter\Model->doFindAll(0, 0)
#7 /Users/ahmadrizkimaulana/Downloads/clinicBack/app/Controllers/DataController.php(15): CodeIgniter\BaseModel->findAll()
#8 /Users/ahmadrizkimaulana/Downloads/clinicBack/system/CodeIgniter.php(933): App\Controllers\DataController->index()
#9 /Users/ahmadrizkimaulana/Downloads/clinicBack/system/CodeIgniter.php(509): CodeIgniter\CodeIgniter->runController(Object(App\Controllers\DataController))
#10 /Users/ahmadrizkimaulana/Downloads/clinicBack/system/CodeIgniter.php(355): CodeIgniter\CodeIgniter->handleRequest(NULL, Object(Config\Cache), false)
#11 /Users/ahmadrizkimaulana/Downloads/clinicBack/system/Boot.php(325): CodeIgniter\CodeIgniter->run()
#12 /Users/ahmadrizkimaulana/Downloads/clinicBack/system/Boot.php(67): CodeIgniter\Boot::runCodeIgniter(Object(CodeIgniter\CodeIgniter))
#13 /Users/ahmadrizkimaulana/Downloads/clinicBack/public/index.php(56): CodeIgniter\Boot::bootWeb(Object(Config\Paths))
#14 /Users/ahmadrizkimaulana/Downloads/clinicBack/system/rewrite.php(44): require_once('/Users/ahmadriz...')
#15 {main}
CRITICAL - 2024-11-25 07:10:46 --> CodeIgniter\Database\Exceptions\DatabaseException: Unable to connect to the database.
Main connection [Postgre]: pg_connect(): Unable to connect to PostgreSQL server: could not translate host name &quot;hospital&quot; to address: nodename nor servname provided, or not known
[Method: GET, Route: api/v1/users]
in SYSTEMPATH/Database/BaseConnection.php on line 467.
 1 SYSTEMPATH/Database/BaseConnection.php(616): CodeIgniter\Database\BaseConnection->initialize()
 2 SYSTEMPATH/Database/BaseBuilder.php(1644): CodeIgniter\Database\BaseConnection->query('SELECT *
FROM "usder"', [], false)
 3 SYSTEMPATH/Model.php(286): CodeIgniter\Database\BaseBuilder->get()
 4 SYSTEMPATH/BaseModel.php(676): CodeIgniter\Model->doFindAll(0, 0)
 5 APPPATH/Controllers/DataController.php(15): CodeIgniter\BaseModel->findAll()
 6 SYSTEMPATH/CodeIgniter.php(933): App\Controllers\DataController->index()
 7 SYSTEMPATH/CodeIgniter.php(509): CodeIgniter\CodeIgniter->runController(Object(App\Controllers\DataController))
 8 SYSTEMPATH/CodeIgniter.php(355): CodeIgniter\CodeIgniter->handleRequest(null, Object(Config\Cache), false)
 9 SYSTEMPATH/Boot.php(325): CodeIgniter\CodeIgniter->run()
10 SYSTEMPATH/Boot.php(67): CodeIgniter\Boot::runCodeIgniter(Object(CodeIgniter\CodeIgniter))
11 FCPATH/index.php(56): CodeIgniter\Boot::bootWeb(Object(Config\Paths))
12 SYSTEMPATH/rewrite.php(44): require_once('/Users/ahmadrizkimaulana/Downloads/clinicBack/public/index.php')
ERROR - 2024-11-25 07:10:47 --> Error connecting to the database: ErrorException: pg_connect(): Unable to connect to PostgreSQL server: could not translate host name &quot;hospital&quot; to address: nodename nor servname provided, or not known in /Users/ahmadrizkimaulana/Downloads/clinicBack/system/Database/Postgre/Connection.php:77
Stack trace:
#0 [internal function]: CodeIgniter\Debug\Exceptions->errorHandler(2, 'pg_connect(): U...', '/Users/ahmadriz...', 77)
#1 /Users/ahmadrizkimaulana/Downloads/clinicBack/system/Database/Postgre/Connection.php(77): pg_connect('host=hospital p...')
#2 /Users/ahmadrizkimaulana/Downloads/clinicBack/system/Database/BaseConnection.php(421): CodeIgniter\Database\Postgre\Connection->connect(false)
#3 /Users/ahmadrizkimaulana/Downloads/clinicBack/system/Database/BaseConnection.php(616): CodeIgniter\Database\BaseConnection->initialize()
#4 /Users/ahmadrizkimaulana/Downloads/clinicBack/system/Database/BaseBuilder.php(1644): CodeIgniter\Database\BaseConnection->query('SELECT *\nFROM "...', Array, false)
#5 /Users/ahmadrizkimaulana/Downloads/clinicBack/system/Model.php(286): CodeIgniter\Database\BaseBuilder->get()
#6 /Users/ahmadrizkimaulana/Downloads/clinicBack/system/BaseModel.php(676): CodeIgniter\Model->doFindAll(0, 0)
#7 /Users/ahmadrizkimaulana/Downloads/clinicBack/app/Controllers/DataController.php(15): CodeIgniter\BaseModel->findAll()
#8 /Users/ahmadrizkimaulana/Downloads/clinicBack/system/CodeIgniter.php(933): App\Controllers\DataController->index()
#9 /Users/ahmadrizkimaulana/Downloads/clinicBack/system/CodeIgniter.php(509): CodeIgniter\CodeIgniter->runController(Object(App\Controllers\DataController))
#10 /Users/ahmadrizkimaulana/Downloads/clinicBack/system/CodeIgniter.php(355): CodeIgniter\CodeIgniter->handleRequest(NULL, Object(Config\Cache), false)
#11 /Users/ahmadrizkimaulana/Downloads/clinicBack/system/Boot.php(325): CodeIgniter\CodeIgniter->run()
#12 /Users/ahmadrizkimaulana/Downloads/clinicBack/system/Boot.php(67): CodeIgniter\Boot::runCodeIgniter(Object(CodeIgniter\CodeIgniter))
#13 /Users/ahmadrizkimaulana/Downloads/clinicBack/public/index.php(56): CodeIgniter\Boot::bootWeb(Object(Config\Paths))
#14 /Users/ahmadrizkimaulana/Downloads/clinicBack/system/rewrite.php(44): require_once('/Users/ahmadriz...')
#15 {main}
CRITICAL - 2024-11-25 07:10:47 --> CodeIgniter\Database\Exceptions\DatabaseException: Unable to connect to the database.
Main connection [Postgre]: pg_connect(): Unable to connect to PostgreSQL server: could not translate host name &quot;hospital&quot; to address: nodename nor servname provided, or not known
[Method: GET, Route: api/v1/users]
in SYSTEMPATH/Database/BaseConnection.php on line 467.
 1 SYSTEMPATH/Database/BaseConnection.php(616): CodeIgniter\Database\BaseConnection->initialize()
 2 SYSTEMPATH/Database/BaseBuilder.php(1644): CodeIgniter\Database\BaseConnection->query('SELECT *
FROM "usder"', [], false)
 3 SYSTEMPATH/Model.php(286): CodeIgniter\Database\BaseBuilder->get()
 4 SYSTEMPATH/BaseModel.php(676): CodeIgniter\Model->doFindAll(0, 0)
 5 APPPATH/Controllers/DataController.php(15): CodeIgniter\BaseModel->findAll()
 6 SYSTEMPATH/CodeIgniter.php(933): App\Controllers\DataController->index()
 7 SYSTEMPATH/CodeIgniter.php(509): CodeIgniter\CodeIgniter->runController(Object(App\Controllers\DataController))
 8 SYSTEMPATH/CodeIgniter.php(355): CodeIgniter\CodeIgniter->handleRequest(null, Object(Config\Cache), false)
 9 SYSTEMPATH/Boot.php(325): CodeIgniter\CodeIgniter->run()
10 SYSTEMPATH/Boot.php(67): CodeIgniter\Boot::runCodeIgniter(Object(CodeIgniter\CodeIgniter))
11 FCPATH/index.php(56): CodeIgniter\Boot::bootWeb(Object(Config\Paths))
12 SYSTEMPATH/rewrite.php(44): require_once('/Users/ahmadrizkimaulana/Downloads/clinicBack/public/index.php')
ERROR - 2024-11-25 07:11:40 --> Error connecting to the database: ErrorException: pg_connect(): Unable to connect to PostgreSQL server: could not translate host name &quot;hospital&quot; to address: nodename nor servname provided, or not known in /Users/ahmadrizkimaulana/Downloads/clinicBack/system/Database/Postgre/Connection.php:77
Stack trace:
#0 [internal function]: CodeIgniter\Debug\Exceptions->errorHandler(2, 'pg_connect(): U...', '/Users/ahmadriz...', 77)
#1 /Users/ahmadrizkimaulana/Downloads/clinicBack/system/Database/Postgre/Connection.php(77): pg_connect('host=hospital p...')
#2 /Users/ahmadrizkimaulana/Downloads/clinicBack/system/Database/BaseConnection.php(421): CodeIgniter\Database\Postgre\Connection->connect(false)
#3 /Users/ahmadrizkimaulana/Downloads/clinicBack/system/Database/BaseConnection.php(616): CodeIgniter\Database\BaseConnection->initialize()
#4 /Users/ahmadrizkimaulana/Downloads/clinicBack/system/Database/BaseBuilder.php(1644): CodeIgniter\Database\BaseConnection->query('SELECT *\nFROM "...', Array, false)
#5 /Users/ahmadrizkimaulana/Downloads/clinicBack/system/Model.php(286): CodeIgniter\Database\BaseBuilder->get()
#6 /Users/ahmadrizkimaulana/Downloads/clinicBack/system/BaseModel.php(676): CodeIgniter\Model->doFindAll(0, 0)
#7 /Users/ahmadrizkimaulana/Downloads/clinicBack/app/Controllers/DataController.php(15): CodeIgniter\BaseModel->findAll()
#8 /Users/ahmadrizkimaulana/Downloads/clinicBack/system/CodeIgniter.php(933): App\Controllers\DataController->index()
#9 /Users/ahmadrizkimaulana/Downloads/clinicBack/system/CodeIgniter.php(509): CodeIgniter\CodeIgniter->runController(Object(App\Controllers\DataController))
#10 /Users/ahmadrizkimaulana/Downloads/clinicBack/system/CodeIgniter.php(355): CodeIgniter\CodeIgniter->handleRequest(NULL, Object(Config\Cache), false)
#11 /Users/ahmadrizkimaulana/Downloads/clinicBack/system/Boot.php(325): CodeIgniter\CodeIgniter->run()
#12 /Users/ahmadrizkimaulana/Downloads/clinicBack/system/Boot.php(67): CodeIgniter\Boot::runCodeIgniter(Object(CodeIgniter\CodeIgniter))
#13 /Users/ahmadrizkimaulana/Downloads/clinicBack/public/index.php(56): CodeIgniter\Boot::bootWeb(Object(Config\Paths))
#14 /Users/ahmadrizkimaulana/Downloads/clinicBack/system/rewrite.php(44): require_once('/Users/ahmadriz...')
#15 {main}
CRITICAL - 2024-11-25 07:11:40 --> CodeIgniter\Database\Exceptions\DatabaseException: Unable to connect to the database.
Main connection [Postgre]: pg_connect(): Unable to connect to PostgreSQL server: could not translate host name &quot;hospital&quot; to address: nodename nor servname provided, or not known
[Method: GET, Route: api/v1/users]
in SYSTEMPATH/Database/BaseConnection.php on line 467.
 1 SYSTEMPATH/Database/BaseConnection.php(616): CodeIgniter\Database\BaseConnection->initialize()
 2 SYSTEMPATH/Database/BaseBuilder.php(1644): CodeIgniter\Database\BaseConnection->query('SELECT *
FROM "usder"', [], false)
 3 SYSTEMPATH/Model.php(286): CodeIgniter\Database\BaseBuilder->get()
 4 SYSTEMPATH/BaseModel.php(676): CodeIgniter\Model->doFindAll(0, 0)
 5 APPPATH/Controllers/DataController.php(15): CodeIgniter\BaseModel->findAll()
 6 SYSTEMPATH/CodeIgniter.php(933): App\Controllers\DataController->index()
 7 SYSTEMPATH/CodeIgniter.php(509): CodeIgniter\CodeIgniter->runController(Object(App\Controllers\DataController))
 8 SYSTEMPATH/CodeIgniter.php(355): CodeIgniter\CodeIgniter->handleRequest(null, Object(Config\Cache), false)
 9 SYSTEMPATH/Boot.php(325): CodeIgniter\CodeIgniter->run()
10 SYSTEMPATH/Boot.php(67): CodeIgniter\Boot::runCodeIgniter(Object(CodeIgniter\CodeIgniter))
11 FCPATH/index.php(56): CodeIgniter\Boot::bootWeb(Object(Config\Paths))
12 SYSTEMPATH/rewrite.php(44): require_once('/Users/ahmadrizkimaulana/Downloads/clinicBack/public/index.php')
ERROR - 2024-11-25 07:12:54 --> Error connecting to the database: ErrorException: pg_connect(): Unable to connect to PostgreSQL server: could not translate host name &quot;hospital&quot; to address: nodename nor servname provided, or not known in /Users/ahmadrizkimaulana/Downloads/clinicBack/system/Database/Postgre/Connection.php:77
Stack trace:
#0 [internal function]: CodeIgniter\Debug\Exceptions->errorHandler(2, 'pg_connect(): U...', '/Users/ahmadriz...', 77)
#1 /Users/ahmadrizkimaulana/Downloads/clinicBack/system/Database/Postgre/Connection.php(77): pg_connect('host=hospital p...')
#2 /Users/ahmadrizkimaulana/Downloads/clinicBack/system/Database/BaseConnection.php(421): CodeIgniter\Database\Postgre\Connection->connect(false)
#3 /Users/ahmadrizkimaulana/Downloads/clinicBack/system/Database/BaseConnection.php(616): CodeIgniter\Database\BaseConnection->initialize()
#4 /Users/ahmadrizkimaulana/Downloads/clinicBack/system/Database/BaseBuilder.php(1644): CodeIgniter\Database\BaseConnection->query('SELECT *\nFROM "...', Array, false)
#5 /Users/ahmadrizkimaulana/Downloads/clinicBack/system/Model.php(286): CodeIgniter\Database\BaseBuilder->get()
#6 /Users/ahmadrizkimaulana/Downloads/clinicBack/system/BaseModel.php(676): CodeIgniter\Model->doFindAll(0, 0)
#7 /Users/ahmadrizkimaulana/Downloads/clinicBack/app/Controllers/DataController.php(17): CodeIgniter\BaseModel->findAll()
#8 /Users/ahmadrizkimaulana/Downloads/clinicBack/system/CodeIgniter.php(933): App\Controllers\DataController->index()
#9 /Users/ahmadrizkimaulana/Downloads/clinicBack/system/CodeIgniter.php(509): CodeIgniter\CodeIgniter->runController(Object(App\Controllers\DataController))
#10 /Users/ahmadrizkimaulana/Downloads/clinicBack/system/CodeIgniter.php(355): CodeIgniter\CodeIgniter->handleRequest(NULL, Object(Config\Cache), false)
#11 /Users/ahmadrizkimaulana/Downloads/clinicBack/system/Boot.php(325): CodeIgniter\CodeIgniter->run()
#12 /Users/ahmadrizkimaulana/Downloads/clinicBack/system/Boot.php(67): CodeIgniter\Boot::runCodeIgniter(Object(CodeIgniter\CodeIgniter))
#13 /Users/ahmadrizkimaulana/Downloads/clinicBack/public/index.php(56): CodeIgniter\Boot::bootWeb(Object(Config\Paths))
#14 /Users/ahmadrizkimaulana/Downloads/clinicBack/system/rewrite.php(44): require_once('/Users/ahmadriz...')
#15 {main}
CRITICAL - 2024-11-25 07:12:54 --> CodeIgniter\Database\Exceptions\DatabaseException: Unable to connect to the database.
Main connection [Postgre]: pg_connect(): Unable to connect to PostgreSQL server: could not translate host name &quot;hospital&quot; to address: nodename nor servname provided, or not known
[Method: GET, Route: api/v1/users]
in SYSTEMPATH/Database/BaseConnection.php on line 467.
 1 SYSTEMPATH/Database/BaseConnection.php(616): CodeIgniter\Database\BaseConnection->initialize()
 2 SYSTEMPATH/Database/BaseBuilder.php(1644): CodeIgniter\Database\BaseConnection->query('SELECT *
FROM "user"', [], false)
 3 SYSTEMPATH/Model.php(286): CodeIgniter\Database\BaseBuilder->get()
 4 SYSTEMPATH/BaseModel.php(676): CodeIgniter\Model->doFindAll(0, 0)
 5 APPPATH/Controllers/DataController.php(17): CodeIgniter\BaseModel->findAll()
 6 SYSTEMPATH/CodeIgniter.php(933): App\Controllers\DataController->index()
 7 SYSTEMPATH/CodeIgniter.php(509): CodeIgniter\CodeIgniter->runController(Object(App\Controllers\DataController))
 8 SYSTEMPATH/CodeIgniter.php(355): CodeIgniter\CodeIgniter->handleRequest(null, Object(Config\Cache), false)
 9 SYSTEMPATH/Boot.php(325): CodeIgniter\CodeIgniter->run()
10 SYSTEMPATH/Boot.php(67): CodeIgniter\Boot::runCodeIgniter(Object(CodeIgniter\CodeIgniter))
11 FCPATH/index.php(56): CodeIgniter\Boot::bootWeb(Object(Config\Paths))
12 SYSTEMPATH/rewrite.php(44): require_once('/Users/ahmadrizkimaulana/Downloads/clinicBack/public/index.php')
ERROR - 2024-11-25 07:19:23 --> Error connecting to the database: ErrorException: pg_connect(): Unable to connect to PostgreSQL server: could not translate host name &quot;hospital&quot; to address: nodename nor servname provided, or not known in /Users/ahmadrizkimaulana/Downloads/clinicBack/system/Database/Postgre/Connection.php:77
Stack trace:
#0 [internal function]: CodeIgniter\Debug\Exceptions->errorHandler(2, 'pg_connect(): U...', '/Users/ahmadriz...', 77)
#1 /Users/ahmadrizkimaulana/Downloads/clinicBack/system/Database/Postgre/Connection.php(77): pg_connect('host=hospital p...')
#2 /Users/ahmadrizkimaulana/Downloads/clinicBack/system/Database/BaseConnection.php(421): CodeIgniter\Database\Postgre\Connection->connect(false)
#3 /Users/ahmadrizkimaulana/Downloads/clinicBack/system/Database/BaseConnection.php(616): CodeIgniter\Database\BaseConnection->initialize()
#4 /Users/ahmadrizkimaulana/Downloads/clinicBack/system/Database/BaseBuilder.php(1644): CodeIgniter\Database\BaseConnection->query('SELECT *\nFROM "...', Array, false)
#5 /Users/ahmadrizkimaulana/Downloads/clinicBack/system/Model.php(286): CodeIgniter\Database\BaseBuilder->get()
#6 /Users/ahmadrizkimaulana/Downloads/clinicBack/system/BaseModel.php(676): CodeIgniter\Model->doFindAll(0, 0)
#7 /Users/ahmadrizkimaulana/Downloads/clinicBack/app/Controllers/DataController.php(17): CodeIgniter\BaseModel->findAll()
#8 /Users/ahmadrizkimaulana/Downloads/clinicBack/system/CodeIgniter.php(933): App\Controllers\DataController->index()
#9 /Users/ahmadrizkimaulana/Downloads/clinicBack/system/CodeIgniter.php(509): CodeIgniter\CodeIgniter->runController(Object(App\Controllers\DataController))
#10 /Users/ahmadrizkimaulana/Downloads/clinicBack/system/CodeIgniter.php(355): CodeIgniter\CodeIgniter->handleRequest(NULL, Object(Config\Cache), false)
#11 /Users/ahmadrizkimaulana/Downloads/clinicBack/system/Boot.php(325): CodeIgniter\CodeIgniter->run()
#12 /Users/ahmadrizkimaulana/Downloads/clinicBack/system/Boot.php(67): CodeIgniter\Boot::runCodeIgniter(Object(CodeIgniter\CodeIgniter))
#13 /Users/ahmadrizkimaulana/Downloads/clinicBack/public/index.php(56): CodeIgniter\Boot::bootWeb(Object(Config\Paths))
#14 /Users/ahmadrizkimaulana/Downloads/clinicBack/system/rewrite.php(44): require_once('/Users/ahmadriz...')
#15 {main}
CRITICAL - 2024-11-25 07:19:23 --> CodeIgniter\Database\Exceptions\DatabaseException: Unable to connect to the database.
Main connection [Postgre]: pg_connect(): Unable to connect to PostgreSQL server: could not translate host name &quot;hospital&quot; to address: nodename nor servname provided, or not known
[Method: GET, Route: api/v1/users]
in SYSTEMPATH/Database/BaseConnection.php on line 467.
 1 SYSTEMPATH/Database/BaseConnection.php(616): CodeIgniter\Database\BaseConnection->initialize()
 2 SYSTEMPATH/Database/BaseBuilder.php(1644): CodeIgniter\Database\BaseConnection->query('SELECT *
FROM "user"', [], false)
 3 SYSTEMPATH/Model.php(286): CodeIgniter\Database\BaseBuilder->get()
 4 SYSTEMPATH/BaseModel.php(676): CodeIgniter\Model->doFindAll(0, 0)
 5 APPPATH/Controllers/DataController.php(17): CodeIgniter\BaseModel->findAll()
 6 SYSTEMPATH/CodeIgniter.php(933): App\Controllers\DataController->index()
 7 SYSTEMPATH/CodeIgniter.php(509): CodeIgniter\CodeIgniter->runController(Object(App\Controllers\DataController))
 8 SYSTEMPATH/CodeIgniter.php(355): CodeIgniter\CodeIgniter->handleRequest(null, Object(Config\Cache), false)
 9 SYSTEMPATH/Boot.php(325): CodeIgniter\CodeIgniter->run()
10 SYSTEMPATH/Boot.php(67): CodeIgniter\Boot::runCodeIgniter(Object(CodeIgniter\CodeIgniter))
11 FCPATH/index.php(56): CodeIgniter\Boot::bootWeb(Object(Config\Paths))
12 SYSTEMPATH/rewrite.php(44): require_once('/Users/ahmadrizkimaulana/Downloads/clinicBack/public/index.php')
ERROR - 2024-11-25 07:22:44 --> Error connecting to the database: ErrorException: pg_connect(): Unable to connect to PostgreSQL server: could not translate host name &quot;hospital&quot; to address: nodename nor servname provided, or not known in /Users/ahmadrizkimaulana/Downloads/clinicBack/system/Database/Postgre/Connection.php:77
Stack trace:
#0 [internal function]: CodeIgniter\Debug\Exceptions->errorHandler(2, 'pg_connect(): U...', '/Users/ahmadriz...', 77)
#1 /Users/ahmadrizkimaulana/Downloads/clinicBack/system/Database/Postgre/Connection.php(77): pg_connect('host=hospital p...')
#2 /Users/ahmadrizkimaulana/Downloads/clinicBack/system/Database/BaseConnection.php(421): CodeIgniter\Database\Postgre\Connection->connect(false)
#3 /Users/ahmadrizkimaulana/Downloads/clinicBack/system/Database/BaseConnection.php(616): CodeIgniter\Database\BaseConnection->initialize()
#4 /Users/ahmadrizkimaulana/Downloads/clinicBack/system/Database/BaseBuilder.php(1644): CodeIgniter\Database\BaseConnection->query('SELECT *\nFROM "...', Array, false)
#5 /Users/ahmadrizkimaulana/Downloads/clinicBack/system/Model.php(930): CodeIgniter\Database\BaseBuilder->get()
#6 /Users/ahmadrizkimaulana/Downloads/clinicBack/app/Controllers/DataController.php(21): CodeIgniter\Model->__call('get', Array)
#7 /Users/ahmadrizkimaulana/Downloads/clinicBack/system/CodeIgniter.php(933): App\Controllers\DataController->index()
#8 /Users/ahmadrizkimaulana/Downloads/clinicBack/system/CodeIgniter.php(509): CodeIgniter\CodeIgniter->runController(Object(App\Controllers\DataController))
#9 /Users/ahmadrizkimaulana/Downloads/clinicBack/system/CodeIgniter.php(355): CodeIgniter\CodeIgniter->handleRequest(NULL, Object(Config\Cache), false)
#10 /Users/ahmadrizkimaulana/Downloads/clinicBack/system/Boot.php(325): CodeIgniter\CodeIgniter->run()
#11 /Users/ahmadrizkimaulana/Downloads/clinicBack/system/Boot.php(67): CodeIgniter\Boot::runCodeIgniter(Object(CodeIgniter\CodeIgniter))
#12 /Users/ahmadrizkimaulana/Downloads/clinicBack/public/index.php(56): CodeIgniter\Boot::bootWeb(Object(Config\Paths))
#13 /Users/ahmadrizkimaulana/Downloads/clinicBack/system/rewrite.php(44): require_once('/Users/ahmadriz...')
#14 {main}
CRITICAL - 2024-11-25 07:22:44 --> CodeIgniter\Database\Exceptions\DatabaseException: Unable to connect to the database.
Main connection [Postgre]: pg_connect(): Unable to connect to PostgreSQL server: could not translate host name &quot;hospital&quot; to address: nodename nor servname provided, or not known
[Method: GET, Route: api/v1/users]
in SYSTEMPATH/Database/BaseConnection.php on line 467.
 1 SYSTEMPATH/Database/BaseConnection.php(616): CodeIgniter\Database\BaseConnection->initialize()
 2 SYSTEMPATH/Database/BaseBuilder.php(1644): CodeIgniter\Database\BaseConnection->query('SELECT *
FROM "user"', [], false)
 3 SYSTEMPATH/Model.php(930): CodeIgniter\Database\BaseBuilder->get()
 4 APPPATH/Controllers/DataController.php(21): CodeIgniter\Model->__call('get', [])
 5 SYSTEMPATH/CodeIgniter.php(933): App\Controllers\DataController->index()
 6 SYSTEMPATH/CodeIgniter.php(509): CodeIgniter\CodeIgniter->runController(Object(App\Controllers\DataController))
 7 SYSTEMPATH/CodeIgniter.php(355): CodeIgniter\CodeIgniter->handleRequest(null, Object(Config\Cache), false)
 8 SYSTEMPATH/Boot.php(325): CodeIgniter\CodeIgniter->run()
 9 SYSTEMPATH/Boot.php(67): CodeIgniter\Boot::runCodeIgniter(Object(CodeIgniter\CodeIgniter))
10 FCPATH/index.php(56): CodeIgniter\Boot::bootWeb(Object(Config\Paths))
11 SYSTEMPATH/rewrite.php(44): require_once('/Users/ahmadrizkimaulana/Downloads/clinicBack/public/index.php')
CRITICAL - 2024-11-25 09:12:36 --> Error: Class "App\Controllers\BaseController" not found
[Method: GET, Route: /]
in APPPATH/Controllers/Home.php on line 5.
 1 SYSTEMPATH/Autoloader/Autoloader.php(317): include_once()
 2 SYSTEMPATH/Autoloader/Autoloader.php(296): CodeIgniter\Autoloader\Autoloader->includeFile('/Users/ahmadrizkimaulana/Downloads/clinicBack/app/Controllers/Home.php')
 3 SYSTEMPATH/Autoloader/Autoloader.php(272): CodeIgniter\Autoloader\Autoloader->loadInNamespace('App\\Controllers\\Home')
 4 [internal function]: CodeIgniter\Autoloader\Autoloader->loadClass('App\\Controllers\\Home')
 5 SYSTEMPATH/CodeIgniter.php(887): class_exists('\\App\\Controllers\\Home', true)
 6 SYSTEMPATH/CodeIgniter.php(496): CodeIgniter\CodeIgniter->startController()
 7 SYSTEMPATH/CodeIgniter.php(355): CodeIgniter\CodeIgniter->handleRequest(null, Object(Config\Cache), false)
 8 SYSTEMPATH/Boot.php(325): CodeIgniter\CodeIgniter->run()
 9 SYSTEMPATH/Boot.php(67): CodeIgniter\Boot::runCodeIgniter(Object(CodeIgniter\CodeIgniter))
10 FCPATH/index.php(56): CodeIgniter\Boot::bootWeb(Object(Config\Paths))
11 SYSTEMPATH/rewrite.php(44): require_once('/Users/ahmadrizkimaulana/Downloads/clinicBack/public/index.php')
CRITICAL - 2024-11-25 10:06:53 --> InvalidArgumentException: You have not selected a database type to connect to.
[Method: CLI, Route: migrate]
in SYSTEMPATH/Database/Database.php on line 56.
 1 SYSTEMPATH/Database/Config.php(84): CodeIgniter\Database\Database->load([...], 'default')
 2 SYSTEMPATH/Common.php(361): CodeIgniter\Database\Config::connect('default', true)
 3 SYSTEMPATH/Database/MigrationRunner.php(146): db_connect(null)
 4 SYSTEMPATH/Config/Services.php(421): CodeIgniter\Database\MigrationRunner->__construct(Object(Config\Migrations), null)
 5 SYSTEMPATH/Config/BaseService.php(312): CodeIgniter\Config\Services::migrations(Object(Config\Migrations), null, false)
 6 SYSTEMPATH/Config/BaseService.php(251): CodeIgniter\Config\BaseService::__callStatic('migrations', [...])
 7 SYSTEMPATH/Config/Services.php(416): CodeIgniter\Config\BaseService::getSharedInstance('migrations', null, null)
 8 SYSTEMPATH/Config/BaseService.php(321): CodeIgniter\Config\Services::migrations()
 9 SYSTEMPATH/Config/BaseService.php(202): CodeIgniter\Config\BaseService::__callStatic('migrations', [])
10 SYSTEMPATH/Common.php(998): CodeIgniter\Config\BaseService::get('migrations')
11 SYSTEMPATH/Commands/Database/Migrate.php(70): service('migrations')
12 SYSTEMPATH/CLI/Commands.php(70): CodeIgniter\Commands\Database\Migrate->run([])
13 SYSTEMPATH/CLI/Console.php(48): CodeIgniter\CLI\Commands->run('migrate', [])
14 SYSTEMPATH/Boot.php(351): CodeIgniter\CLI\Console->run()
15 SYSTEMPATH/Boot.php(104): CodeIgniter\Boot::runCommand(Object(CodeIgniter\CLI\Console))
16 ROOTPATH/spark(84): CodeIgniter\Boot::bootSpark(Object(Config\Paths))
CRITICAL - 2024-11-25 10:12:22 --> Error: Cannot instantiate abstract class App\Controllers\DataController
[Method: GET, Route: api/v1/DataController]
in SYSTEMPATH/CodeIgniter.php on line 903.
 1 SYSTEMPATH/CodeIgniter.php(500): CodeIgniter\CodeIgniter->createController()
 2 SYSTEMPATH/CodeIgniter.php(355): CodeIgniter\CodeIgniter->handleRequest(null, Object(Config\Cache), false)
 3 SYSTEMPATH/Boot.php(325): CodeIgniter\CodeIgniter->run()
 4 SYSTEMPATH/Boot.php(67): CodeIgniter\Boot::runCodeIgniter(Object(CodeIgniter\CodeIgniter))
 5 FCPATH/index.php(56): CodeIgniter\Boot::bootWeb(Object(Config\Paths))
 6 SYSTEMPATH/rewrite.php(44): require_once('/Users/ahmadrizkimaulana/Downloads/clinicBack/public/index.php')
CRITICAL - 2024-11-25 10:12:50 --> Error: Cannot instantiate abstract class App\Controllers\DataController
[Method: GET, Route: api/v1/user]
in SYSTEMPATH/CodeIgniter.php on line 903.
 1 SYSTEMPATH/CodeIgniter.php(500): CodeIgniter\CodeIgniter->createController()
 2 SYSTEMPATH/CodeIgniter.php(355): CodeIgniter\CodeIgniter->handleRequest(null, Object(Config\Cache), false)
 3 SYSTEMPATH/Boot.php(325): CodeIgniter\CodeIgniter->run()
 4 SYSTEMPATH/Boot.php(67): CodeIgniter\Boot::runCodeIgniter(Object(CodeIgniter\CodeIgniter))
 5 FCPATH/index.php(56): CodeIgniter\Boot::bootWeb(Object(Config\Paths))
 6 SYSTEMPATH/rewrite.php(44): require_once('/Users/ahmadrizkimaulana/Downloads/clinicBack/public/index.php')
CRITICAL - 2024-11-25 10:16:01 --> ErrorException: Constant expression contains invalid operations
[Method: GET, Route: api/v1/user]
in APPPATH/Config/Database.php on line 79.
 1 [internal function]: CodeIgniter\Debug\Exceptions->shutdownHandler()
CRITICAL - 2024-11-25 10:17:38 --> ErrorException: Constant expression contains invalid operations
[Method: GET, Route: api/v1/user]
in APPPATH/Config/Database.php on line 79.
 1 [internal function]: CodeIgniter\Debug\Exceptions->shutdownHandler()
CRITICAL - 2024-11-25 10:17:39 --> ErrorException: Constant expression contains invalid operations
[Method: GET, Route: api/v1/user]
in APPPATH/Config/Database.php on line 79.
 1 [internal function]: CodeIgniter\Debug\Exceptions->shutdownHandler()
CRITICAL - 2024-11-25 10:18:35 --> Error: Cannot instantiate abstract class App\Controllers\DataController
[Method: GET, Route: api/v1/user]
in SYSTEMPATH/CodeIgniter.php on line 903.
 1 SYSTEMPATH/CodeIgniter.php(500): CodeIgniter\CodeIgniter->createController()
 2 SYSTEMPATH/CodeIgniter.php(355): CodeIgniter\CodeIgniter->handleRequest(null, Object(Config\Cache), false)
 3 SYSTEMPATH/Boot.php(325): CodeIgniter\CodeIgniter->run()
 4 SYSTEMPATH/Boot.php(67): CodeIgniter\Boot::runCodeIgniter(Object(CodeIgniter\CodeIgniter))
 5 FCPATH/index.php(56): CodeIgniter\Boot::bootWeb(Object(Config\Paths))
 6 SYSTEMPATH/rewrite.php(44): require_once('/Users/ahmadrizkimaulana/Downloads/clinicBack/public/index.php')
CRITICAL - 2024-11-25 10:19:23 --> Error: Cannot instantiate abstract class App\Controllers\DataController
[Method: GET, Route: api/v1/user]
in SYSTEMPATH/CodeIgniter.php on line 903.
 1 SYSTEMPATH/CodeIgniter.php(500): CodeIgniter\CodeIgniter->createController()
 2 SYSTEMPATH/CodeIgniter.php(355): CodeIgniter\CodeIgniter->handleRequest(null, Object(Config\Cache), false)
 3 SYSTEMPATH/Boot.php(325): CodeIgniter\CodeIgniter->run()
 4 SYSTEMPATH/Boot.php(67): CodeIgniter\Boot::runCodeIgniter(Object(CodeIgniter\CodeIgniter))
 5 FCPATH/index.php(56): CodeIgniter\Boot::bootWeb(Object(Config\Paths))
 6 SYSTEMPATH/rewrite.php(44): require_once('/Users/ahmadrizkimaulana/Downloads/clinicBack/public/index.php')
CRITICAL - 2024-11-25 10:24:48 --> Error: Call to a member function findAll() on null
[Method: GET, Route: api/v1/user]
in APPPATH/Controllers/DataController.php on line 14.
 1 SYSTEMPATH/CodeIgniter.php(933): App\Controllers\DataController->index()
 2 SYSTEMPATH/CodeIgniter.php(509): CodeIgniter\CodeIgniter->runController(Object(App\Controllers\DataController))
 3 SYSTEMPATH/CodeIgniter.php(355): CodeIgniter\CodeIgniter->handleRequest(null, Object(Config\Cache), false)
 4 SYSTEMPATH/Boot.php(325): CodeIgniter\CodeIgniter->run()
 5 SYSTEMPATH/Boot.php(67): CodeIgniter\Boot::runCodeIgniter(Object(CodeIgniter\CodeIgniter))
 6 FCPATH/index.php(56): CodeIgniter\Boot::bootWeb(Object(Config\Paths))
 7 SYSTEMPATH/rewrite.php(44): require_once('/Users/ahmadrizkimaulana/Downloads/clinicBack/public/index.php')
CRITICAL - 2024-11-25 10:26:08 --> Error: Class "App\Models\PostModel" not found
[Method: GET, Route: api/v1/user]
in APPPATH/Controllers/DataController.php on line 14.
 1 SYSTEMPATH/CodeIgniter.php(903): App\Controllers\DataController->__construct()
 2 SYSTEMPATH/CodeIgniter.php(500): CodeIgniter\CodeIgniter->createController()
 3 SYSTEMPATH/CodeIgniter.php(355): CodeIgniter\CodeIgniter->handleRequest(null, Object(Config\Cache), false)
 4 SYSTEMPATH/Boot.php(325): CodeIgniter\CodeIgniter->run()
 5 SYSTEMPATH/Boot.php(67): CodeIgniter\Boot::runCodeIgniter(Object(CodeIgniter\CodeIgniter))
 6 FCPATH/index.php(56): CodeIgniter\Boot::bootWeb(Object(Config\Paths))
 7 SYSTEMPATH/rewrite.php(44): require_once('/Users/ahmadrizkimaulana/Downloads/clinicBack/public/index.php')
ERROR - 2024-11-25 10:27:51 --> Error connecting to the database: ErrorException: pg_connect(): Unable to connect to PostgreSQL server: could not translate host name &quot;hospital&quot; to address: nodename nor servname provided, or not known in /Users/ahmadrizkimaulana/Downloads/clinicBack/system/Database/Postgre/Connection.php:77
Stack trace:
#0 [internal function]: CodeIgniter\Debug\Exceptions->errorHandler(2, 'pg_connect(): U...', '/Users/ahmadriz...', 77)
#1 /Users/ahmadrizkimaulana/Downloads/clinicBack/system/Database/Postgre/Connection.php(77): pg_connect('host=hospital p...')
#2 /Users/ahmadrizkimaulana/Downloads/clinicBack/system/Database/BaseConnection.php(421): CodeIgniter\Database\Postgre\Connection->connect(false)
#3 /Users/ahmadrizkimaulana/Downloads/clinicBack/system/Database/BaseConnection.php(616): CodeIgniter\Database\BaseConnection->initialize()
#4 /Users/ahmadrizkimaulana/Downloads/clinicBack/system/Database/BaseBuilder.php(1644): CodeIgniter\Database\BaseConnection->query('SELECT *\nFROM "...', Array, false)
#5 /Users/ahmadrizkimaulana/Downloads/clinicBack/system/Model.php(286): CodeIgniter\Database\BaseBuilder->get()
#6 /Users/ahmadrizkimaulana/Downloads/clinicBack/system/BaseModel.php(676): CodeIgniter\Model->doFindAll(0, 0)
#7 /Users/ahmadrizkimaulana/Downloads/clinicBack/app/Controllers/DataController.php(19): CodeIgniter\BaseModel->findAll()
#8 /Users/ahmadrizkimaulana/Downloads/clinicBack/system/CodeIgniter.php(933): App\Controllers\DataController->index()
#9 /Users/ahmadrizkimaulana/Downloads/clinicBack/system/CodeIgniter.php(509): CodeIgniter\CodeIgniter->runController(Object(App\Controllers\DataController))
#10 /Users/ahmadrizkimaulana/Downloads/clinicBack/system/CodeIgniter.php(355): CodeIgniter\CodeIgniter->handleRequest(NULL, Object(Config\Cache), false)
#11 /Users/ahmadrizkimaulana/Downloads/clinicBack/system/Boot.php(325): CodeIgniter\CodeIgniter->run()
#12 /Users/ahmadrizkimaulana/Downloads/clinicBack/system/Boot.php(67): CodeIgniter\Boot::runCodeIgniter(Object(CodeIgniter\CodeIgniter))
#13 /Users/ahmadrizkimaulana/Downloads/clinicBack/public/index.php(56): CodeIgniter\Boot::bootWeb(Object(Config\Paths))
#14 /Users/ahmadrizkimaulana/Downloads/clinicBack/system/rewrite.php(44): require_once('/Users/ahmadriz...')
#15 {main}
CRITICAL - 2024-11-25 10:27:51 --> CodeIgniter\Database\Exceptions\DatabaseException: Unable to connect to the database.
Main connection [Postgre]: pg_connect(): Unable to connect to PostgreSQL server: could not translate host name &quot;hospital&quot; to address: nodename nor servname provided, or not known
[Method: GET, Route: api/v1/user]
in SYSTEMPATH/Database/BaseConnection.php on line 467.
 1 SYSTEMPATH/Database/BaseConnection.php(616): CodeIgniter\Database\BaseConnection->initialize()
 2 SYSTEMPATH/Database/BaseBuilder.php(1644): CodeIgniter\Database\BaseConnection->query('SELECT *
FROM "user"', [], false)
 3 SYSTEMPATH/Model.php(286): CodeIgniter\Database\BaseBuilder->get()
 4 SYSTEMPATH/BaseModel.php(676): CodeIgniter\Model->doFindAll(0, 0)
 5 APPPATH/Controllers/DataController.php(19): CodeIgniter\BaseModel->findAll()
 6 SYSTEMPATH/CodeIgniter.php(933): App\Controllers\DataController->index()
 7 SYSTEMPATH/CodeIgniter.php(509): CodeIgniter\CodeIgniter->runController(Object(App\Controllers\DataController))
 8 SYSTEMPATH/CodeIgniter.php(355): CodeIgniter\CodeIgniter->handleRequest(null, Object(Config\Cache), false)
 9 SYSTEMPATH/Boot.php(325): CodeIgniter\CodeIgniter->run()
10 SYSTEMPATH/Boot.php(67): CodeIgniter\Boot::runCodeIgniter(Object(CodeIgniter\CodeIgniter))
11 FCPATH/index.php(56): CodeIgniter\Boot::bootWeb(Object(Config\Paths))
12 SYSTEMPATH/rewrite.php(44): require_once('/Users/ahmadrizkimaulana/Downloads/clinicBack/public/index.php')
ERROR - 2024-11-25 10:31:38 --> Error connecting to the database: ErrorException: pg_connect(): Unable to connect to PostgreSQL server: could not translate host name &quot;hospital&quot; to address: nodename nor servname provided, or not known in /Users/ahmadrizkimaulana/Downloads/clinicBack/system/Database/Postgre/Connection.php:77
Stack trace:
#0 [internal function]: CodeIgniter\Debug\Exceptions->errorHandler(2, 'pg_connect(): U...', '/Users/ahmadriz...', 77)
#1 /Users/ahmadrizkimaulana/Downloads/clinicBack/system/Database/Postgre/Connection.php(77): pg_connect('host=hospital p...')
#2 /Users/ahmadrizkimaulana/Downloads/clinicBack/system/Database/BaseConnection.php(421): CodeIgniter\Database\Postgre\Connection->connect(false)
#3 /Users/ahmadrizkimaulana/Downloads/clinicBack/system/Database/BaseConnection.php(616): CodeIgniter\Database\BaseConnection->initialize()
#4 /Users/ahmadrizkimaulana/Downloads/clinicBack/system/Database/BaseBuilder.php(1644): CodeIgniter\Database\BaseConnection->query('SELECT *\nFROM "...', Array, false)
#5 /Users/ahmadrizkimaulana/Downloads/clinicBack/system/Model.php(286): CodeIgniter\Database\BaseBuilder->get()
#6 /Users/ahmadrizkimaulana/Downloads/clinicBack/system/BaseModel.php(676): CodeIgniter\Model->doFindAll(0, 0)
#7 /Users/ahmadrizkimaulana/Downloads/clinicBack/app/Controllers/DataController.php(19): CodeIgniter\BaseModel->findAll()
#8 /Users/ahmadrizkimaulana/Downloads/clinicBack/system/CodeIgniter.php(933): App\Controllers\DataController->index()
#9 /Users/ahmadrizkimaulana/Downloads/clinicBack/system/CodeIgniter.php(509): CodeIgniter\CodeIgniter->runController(Object(App\Controllers\DataController))
#10 /Users/ahmadrizkimaulana/Downloads/clinicBack/system/CodeIgniter.php(355): CodeIgniter\CodeIgniter->handleRequest(NULL, Object(Config\Cache), false)
#11 /Users/ahmadrizkimaulana/Downloads/clinicBack/system/Boot.php(325): CodeIgniter\CodeIgniter->run()
#12 /Users/ahmadrizkimaulana/Downloads/clinicBack/system/Boot.php(67): CodeIgniter\Boot::runCodeIgniter(Object(CodeIgniter\CodeIgniter))
#13 /Users/ahmadrizkimaulana/Downloads/clinicBack/public/index.php(56): CodeIgniter\Boot::bootWeb(Object(Config\Paths))
#14 /Users/ahmadrizkimaulana/Downloads/clinicBack/system/rewrite.php(44): require_once('/Users/ahmadriz...')
#15 {main}
CRITICAL - 2024-11-25 10:31:38 --> CodeIgniter\Database\Exceptions\DatabaseException: Unable to connect to the database.
Main connection [Postgre]: pg_connect(): Unable to connect to PostgreSQL server: could not translate host name &quot;hospital&quot; to address: nodename nor servname provided, or not known
[Method: GET, Route: api/v1/user]
in SYSTEMPATH/Database/BaseConnection.php on line 467.
 1 SYSTEMPATH/Database/BaseConnection.php(616): CodeIgniter\Database\BaseConnection->initialize()
 2 SYSTEMPATH/Database/BaseBuilder.php(1644): CodeIgniter\Database\BaseConnection->query('SELECT *
FROM "user"', [], false)
 3 SYSTEMPATH/Model.php(286): CodeIgniter\Database\BaseBuilder->get()
 4 SYSTEMPATH/BaseModel.php(676): CodeIgniter\Model->doFindAll(0, 0)
 5 APPPATH/Controllers/DataController.php(19): CodeIgniter\BaseModel->findAll()
 6 SYSTEMPATH/CodeIgniter.php(933): App\Controllers\DataController->index()
 7 SYSTEMPATH/CodeIgniter.php(509): CodeIgniter\CodeIgniter->runController(Object(App\Controllers\DataController))
 8 SYSTEMPATH/CodeIgniter.php(355): CodeIgniter\CodeIgniter->handleRequest(null, Object(Config\Cache), false)
 9 SYSTEMPATH/Boot.php(325): CodeIgniter\CodeIgniter->run()
10 SYSTEMPATH/Boot.php(67): CodeIgniter\Boot::runCodeIgniter(Object(CodeIgniter\CodeIgniter))
11 FCPATH/index.php(56): CodeIgniter\Boot::bootWeb(Object(Config\Paths))
12 SYSTEMPATH/rewrite.php(44): require_once('/Users/ahmadrizkimaulana/Downloads/clinicBack/public/index.php')
ERROR - 2024-11-25 10:38:21 --> Error connecting to the database: ErrorException: pg_connect(): Unable to connect to PostgreSQL server: could not translate host name &quot;hospital&quot; to address: nodename nor servname provided, or not known in /Users/ahmadrizkimaulana/Downloads/clinicBack/system/Database/Postgre/Connection.php:77
Stack trace:
#0 [internal function]: CodeIgniter\Debug\Exceptions->errorHandler(2, 'pg_connect(): U...', '/Users/ahmadriz...', 77)
#1 /Users/ahmadrizkimaulana/Downloads/clinicBack/system/Database/Postgre/Connection.php(77): pg_connect('host=hospital p...')
#2 /Users/ahmadrizkimaulana/Downloads/clinicBack/system/Database/BaseConnection.php(421): CodeIgniter\Database\Postgre\Connection->connect(false)
#3 /Users/ahmadrizkimaulana/Downloads/clinicBack/system/Database/BaseConnection.php(616): CodeIgniter\Database\BaseConnection->initialize()
#4 /Users/ahmadrizkimaulana/Downloads/clinicBack/system/Database/BaseBuilder.php(1644): CodeIgniter\Database\BaseConnection->query('SELECT *\nFROM "...', Array, false)
#5 /Users/ahmadrizkimaulana/Downloads/clinicBack/system/Model.php(286): CodeIgniter\Database\BaseBuilder->get()
#6 /Users/ahmadrizkimaulana/Downloads/clinicBack/system/BaseModel.php(676): CodeIgniter\Model->doFindAll(0, 0)
#7 /Users/ahmadrizkimaulana/Downloads/clinicBack/app/Controllers/DataController.php(19): CodeIgniter\BaseModel->findAll()
#8 /Users/ahmadrizkimaulana/Downloads/clinicBack/system/CodeIgniter.php(933): App\Controllers\DataController->index()
#9 /Users/ahmadrizkimaulana/Downloads/clinicBack/system/CodeIgniter.php(509): CodeIgniter\CodeIgniter->runController(Object(App\Controllers\DataController))
#10 /Users/ahmadrizkimaulana/Downloads/clinicBack/system/CodeIgniter.php(355): CodeIgniter\CodeIgniter->handleRequest(NULL, Object(Config\Cache), false)
#11 /Users/ahmadrizkimaulana/Downloads/clinicBack/system/Boot.php(325): CodeIgniter\CodeIgniter->run()
#12 /Users/ahmadrizkimaulana/Downloads/clinicBack/system/Boot.php(67): CodeIgniter\Boot::runCodeIgniter(Object(CodeIgniter\CodeIgniter))
#13 /Users/ahmadrizkimaulana/Downloads/clinicBack/public/index.php(56): CodeIgniter\Boot::bootWeb(Object(Config\Paths))
#14 /Users/ahmadrizkimaulana/Downloads/clinicBack/system/rewrite.php(44): require_once('/Users/ahmadriz...')
#15 {main}
CRITICAL - 2024-11-25 10:38:21 --> CodeIgniter\Database\Exceptions\DatabaseException: Unable to connect to the database.
Main connection [Postgre]: pg_connect(): Unable to connect to PostgreSQL server: could not translate host name &quot;hospital&quot; to address: nodename nor servname provided, or not known
[Method: GET, Route: api/v1/user]
in SYSTEMPATH/Database/BaseConnection.php on line 467.
 1 SYSTEMPATH/Database/BaseConnection.php(616): CodeIgniter\Database\BaseConnection->initialize()
 2 SYSTEMPATH/Database/BaseBuilder.php(1644): CodeIgniter\Database\BaseConnection->query('SELECT *
FROM "user"', [], false)
 3 SYSTEMPATH/Model.php(286): CodeIgniter\Database\BaseBuilder->get()
 4 SYSTEMPATH/BaseModel.php(676): CodeIgniter\Model->doFindAll(0, 0)
 5 APPPATH/Controllers/DataController.php(19): CodeIgniter\BaseModel->findAll()
 6 SYSTEMPATH/CodeIgniter.php(933): App\Controllers\DataController->index()
 7 SYSTEMPATH/CodeIgniter.php(509): CodeIgniter\CodeIgniter->runController(Object(App\Controllers\DataController))
 8 SYSTEMPATH/CodeIgniter.php(355): CodeIgniter\CodeIgniter->handleRequest(null, Object(Config\Cache), false)
 9 SYSTEMPATH/Boot.php(325): CodeIgniter\CodeIgniter->run()
10 SYSTEMPATH/Boot.php(67): CodeIgniter\Boot::runCodeIgniter(Object(CodeIgniter\CodeIgniter))
11 FCPATH/index.php(56): CodeIgniter\Boot::bootWeb(Object(Config\Paths))
12 SYSTEMPATH/rewrite.php(44): require_once('/Users/ahmadrizkimaulana/Downloads/clinicBack/public/index.php')
ERROR - 2024-11-25 10:39:14 --> Error connecting to the database: ErrorException: pg_connect(): Unable to connect to PostgreSQL server: could not translate host name &quot;hospital&quot; to address: nodename nor servname provided, or not known in /Users/ahmadrizkimaulana/Downloads/clinicBack/system/Database/Postgre/Connection.php:77
Stack trace:
#0 [internal function]: CodeIgniter\Debug\Exceptions->errorHandler(2, 'pg_connect(): U...', '/Users/ahmadriz...', 77)
#1 /Users/ahmadrizkimaulana/Downloads/clinicBack/system/Database/Postgre/Connection.php(77): pg_connect('host=hospital p...')
#2 /Users/ahmadrizkimaulana/Downloads/clinicBack/system/Database/BaseConnection.php(421): CodeIgniter\Database\Postgre\Connection->connect(false)
#3 /Users/ahmadrizkimaulana/Downloads/clinicBack/system/Database/BaseConnection.php(616): CodeIgniter\Database\BaseConnection->initialize()
#4 /Users/ahmadrizkimaulana/Downloads/clinicBack/system/Database/BaseBuilder.php(1644): CodeIgniter\Database\BaseConnection->query('SELECT *\nFROM "...', Array, false)
#5 /Users/ahmadrizkimaulana/Downloads/clinicBack/system/Model.php(286): CodeIgniter\Database\BaseBuilder->get()
#6 /Users/ahmadrizkimaulana/Downloads/clinicBack/system/BaseModel.php(676): CodeIgniter\Model->doFindAll(0, 0)
#7 /Users/ahmadrizkimaulana/Downloads/clinicBack/app/Controllers/DataController.php(19): CodeIgniter\BaseModel->findAll()
#8 /Users/ahmadrizkimaulana/Downloads/clinicBack/system/CodeIgniter.php(933): App\Controllers\DataController->index()
#9 /Users/ahmadrizkimaulana/Downloads/clinicBack/system/CodeIgniter.php(509): CodeIgniter\CodeIgniter->runController(Object(App\Controllers\DataController))
#10 /Users/ahmadrizkimaulana/Downloads/clinicBack/system/CodeIgniter.php(355): CodeIgniter\CodeIgniter->handleRequest(NULL, Object(Config\Cache), false)
#11 /Users/ahmadrizkimaulana/Downloads/clinicBack/system/Boot.php(325): CodeIgniter\CodeIgniter->run()
#12 /Users/ahmadrizkimaulana/Downloads/clinicBack/system/Boot.php(67): CodeIgniter\Boot::runCodeIgniter(Object(CodeIgniter\CodeIgniter))
#13 /Users/ahmadrizkimaulana/Downloads/clinicBack/public/index.php(56): CodeIgniter\Boot::bootWeb(Object(Config\Paths))
#14 /Users/ahmadrizkimaulana/Downloads/clinicBack/system/rewrite.php(44): require_once('/Users/ahmadriz...')
#15 {main}
CRITICAL - 2024-11-25 10:39:14 --> CodeIgniter\Database\Exceptions\DatabaseException: Unable to connect to the database.
Main connection [Postgre]: pg_connect(): Unable to connect to PostgreSQL server: could not translate host name &quot;hospital&quot; to address: nodename nor servname provided, or not known
[Method: GET, Route: api/v1/user]
in SYSTEMPATH/Database/BaseConnection.php on line 467.
 1 SYSTEMPATH/Database/BaseConnection.php(616): CodeIgniter\Database\BaseConnection->initialize()
 2 SYSTEMPATH/Database/BaseBuilder.php(1644): CodeIgniter\Database\BaseConnection->query('SELECT *
FROM "user"', [], false)
 3 SYSTEMPATH/Model.php(286): CodeIgniter\Database\BaseBuilder->get()
 4 SYSTEMPATH/BaseModel.php(676): CodeIgniter\Model->doFindAll(0, 0)
 5 APPPATH/Controllers/DataController.php(19): CodeIgniter\BaseModel->findAll()
 6 SYSTEMPATH/CodeIgniter.php(933): App\Controllers\DataController->index()
 7 SYSTEMPATH/CodeIgniter.php(509): CodeIgniter\CodeIgniter->runController(Object(App\Controllers\DataController))
 8 SYSTEMPATH/CodeIgniter.php(355): CodeIgniter\CodeIgniter->handleRequest(null, Object(Config\Cache), false)
 9 SYSTEMPATH/Boot.php(325): CodeIgniter\CodeIgniter->run()
10 SYSTEMPATH/Boot.php(67): CodeIgniter\Boot::runCodeIgniter(Object(CodeIgniter\CodeIgniter))
11 FCPATH/index.php(56): CodeIgniter\Boot::bootWeb(Object(Config\Paths))
12 SYSTEMPATH/rewrite.php(44): require_once('/Users/ahmadrizkimaulana/Downloads/clinicBack/public/index.php')
WARNING - 2024-11-25 10:41:18 --> [DEPRECATED] Creation of dynamic property App\Controllers\DataController::$id is deprecated in SYSTEMPATH/Database/Postgre/Result.php on line 122.
 1 SYSTEMPATH/Database/Postgre/Result.php(122): pg_fetch_object(Object(PgSql\Result), null, 'App\\Controllers\\DataController')
 2 SYSTEMPATH/Database/BaseResult.php(161): CodeIgniter\Database\Postgre\Result->fetchObject('App\\Controllers\\DataController')
 3 SYSTEMPATH/Database/BaseResult.php(116): CodeIgniter\Database\BaseResult->getCustomResultObject('App\\Controllers\\DataController')
 4 SYSTEMPATH/Model.php(287): CodeIgniter\Database\BaseResult->getResult('App\\Controllers\\DataController')
 5 SYSTEMPATH/BaseModel.php(676): CodeIgniter\Model->doFindAll(0, 0)
 6 APPPATH/Controllers/DataController.php(19): CodeIgniter\BaseModel->findAll()
 7 SYSTEMPATH/CodeIgniter.php(933): App\Controllers\DataController->index()
 8 SYSTEMPATH/CodeIgniter.php(509): CodeIgniter\CodeIgniter->runController(Object(App\Controllers\DataController))
 9 SYSTEMPATH/CodeIgniter.php(355): CodeIgniter\CodeIgniter->handleRequest(null, Object(Config\Cache), false)
10 SYSTEMPATH/Boot.php(325): CodeIgniter\CodeIgniter->run()
11 SYSTEMPATH/Boot.php(67): CodeIgniter\Boot::runCodeIgniter(Object(CodeIgniter\CodeIgniter))
12 FCPATH/index.php(56): CodeIgniter\Boot::bootWeb(Object(Config\Paths))
13 SYSTEMPATH/rewrite.php(44): require_once('/Users/ahmadrizkimaulana/Downloads/clinicBack/public/index.php')
WARNING - 2024-11-25 10:41:18 --> [DEPRECATED] Creation of dynamic property App\Controllers\DataController::$user_name is deprecated in SYSTEMPATH/Database/Postgre/Result.php on line 122.
 1 SYSTEMPATH/Database/Postgre/Result.php(122): pg_fetch_object(Object(PgSql\Result), null, 'App\\Controllers\\DataController')
 2 SYSTEMPATH/Database/BaseResult.php(161): CodeIgniter\Database\Postgre\Result->fetchObject('App\\Controllers\\DataController')
 3 SYSTEMPATH/Database/BaseResult.php(116): CodeIgniter\Database\BaseResult->getCustomResultObject('App\\Controllers\\DataController')
 4 SYSTEMPATH/Model.php(287): CodeIgniter\Database\BaseResult->getResult('App\\Controllers\\DataController')
 5 SYSTEMPATH/BaseModel.php(676): CodeIgniter\Model->doFindAll(0, 0)
 6 APPPATH/Controllers/DataController.php(19): CodeIgniter\BaseModel->findAll()
 7 SYSTEMPATH/CodeIgniter.php(933): App\Controllers\DataController->index()
 8 SYSTEMPATH/CodeIgniter.php(509): CodeIgniter\CodeIgniter->runController(Object(App\Controllers\DataController))
 9 SYSTEMPATH/CodeIgniter.php(355): CodeIgniter\CodeIgniter->handleRequest(null, Object(Config\Cache), false)
10 SYSTEMPATH/Boot.php(325): CodeIgniter\CodeIgniter->run()
11 SYSTEMPATH/Boot.php(67): CodeIgniter\Boot::runCodeIgniter(Object(CodeIgniter\CodeIgniter))
12 FCPATH/index.php(56): CodeIgniter\Boot::bootWeb(Object(Config\Paths))
13 SYSTEMPATH/rewrite.php(44): require_once('/Users/ahmadrizkimaulana/Downloads/clinicBack/public/index.php')
WARNING - 2024-11-25 10:41:18 --> [DEPRECATED] Creation of dynamic property App\Controllers\DataController::$tanggal_lahir is deprecated in SYSTEMPATH/Database/Postgre/Result.php on line 122.
 1 SYSTEMPATH/Database/Postgre/Result.php(122): pg_fetch_object(Object(PgSql\Result), null, 'App\\Controllers\\DataController')
 2 SYSTEMPATH/Database/BaseResult.php(161): CodeIgniter\Database\Postgre\Result->fetchObject('App\\Controllers\\DataController')
 3 SYSTEMPATH/Database/BaseResult.php(116): CodeIgniter\Database\BaseResult->getCustomResultObject('App\\Controllers\\DataController')
 4 SYSTEMPATH/Model.php(287): CodeIgniter\Database\BaseResult->getResult('App\\Controllers\\DataController')
 5 SYSTEMPATH/BaseModel.php(676): CodeIgniter\Model->doFindAll(0, 0)
 6 APPPATH/Controllers/DataController.php(19): CodeIgniter\BaseModel->findAll()
 7 SYSTEMPATH/CodeIgniter.php(933): App\Controllers\DataController->index()
 8 SYSTEMPATH/CodeIgniter.php(509): CodeIgniter\CodeIgniter->runController(Object(App\Controllers\DataController))
 9 SYSTEMPATH/CodeIgniter.php(355): CodeIgniter\CodeIgniter->handleRequest(null, Object(Config\Cache), false)
10 SYSTEMPATH/Boot.php(325): CodeIgniter\CodeIgniter->run()
11 SYSTEMPATH/Boot.php(67): CodeIgniter\Boot::runCodeIgniter(Object(CodeIgniter\CodeIgniter))
12 FCPATH/index.php(56): CodeIgniter\Boot::bootWeb(Object(Config\Paths))
13 SYSTEMPATH/rewrite.php(44): require_once('/Users/ahmadrizkimaulana/Downloads/clinicBack/public/index.php')
WARNING - 2024-11-25 10:41:18 --> [DEPRECATED] Creation of dynamic property App\Controllers\DataController::$nik is deprecated in SYSTEMPATH/Database/Postgre/Result.php on line 122.
 1 SYSTEMPATH/Database/Postgre/Result.php(122): pg_fetch_object(Object(PgSql\Result), null, 'App\\Controllers\\DataController')
 2 SYSTEMPATH/Database/BaseResult.php(161): CodeIgniter\Database\Postgre\Result->fetchObject('App\\Controllers\\DataController')
 3 SYSTEMPATH/Database/BaseResult.php(116): CodeIgniter\Database\BaseResult->getCustomResultObject('App\\Controllers\\DataController')
 4 SYSTEMPATH/Model.php(287): CodeIgniter\Database\BaseResult->getResult('App\\Controllers\\DataController')
 5 SYSTEMPATH/BaseModel.php(676): CodeIgniter\Model->doFindAll(0, 0)
 6 APPPATH/Controllers/DataController.php(19): CodeIgniter\BaseModel->findAll()
 7 SYSTEMPATH/CodeIgniter.php(933): App\Controllers\DataController->index()
 8 SYSTEMPATH/CodeIgniter.php(509): CodeIgniter\CodeIgniter->runController(Object(App\Controllers\DataController))
 9 SYSTEMPATH/CodeIgniter.php(355): CodeIgniter\CodeIgniter->handleRequest(null, Object(Config\Cache), false)
10 SYSTEMPATH/Boot.php(325): CodeIgniter\CodeIgniter->run()
11 SYSTEMPATH/Boot.php(67): CodeIgniter\Boot::runCodeIgniter(Object(CodeIgniter\CodeIgniter))
12 FCPATH/index.php(56): CodeIgniter\Boot::bootWeb(Object(Config\Paths))
13 SYSTEMPATH/rewrite.php(44): require_once('/Users/ahmadrizkimaulana/Downloads/clinicBack/public/index.php')
WARNING - 2024-11-25 10:41:18 --> [DEPRECATED] Creation of dynamic property App\Controllers\DataController::$status_nik is deprecated in SYSTEMPATH/Database/Postgre/Result.php on line 122.
 1 SYSTEMPATH/Database/Postgre/Result.php(122): pg_fetch_object(Object(PgSql\Result), null, 'App\\Controllers\\DataController')
 2 SYSTEMPATH/Database/BaseResult.php(161): CodeIgniter\Database\Postgre\Result->fetchObject('App\\Controllers\\DataController')
 3 SYSTEMPATH/Database/BaseResult.php(116): CodeIgniter\Database\BaseResult->getCustomResultObject('App\\Controllers\\DataController')
 4 SYSTEMPATH/Model.php(287): CodeIgniter\Database\BaseResult->getResult('App\\Controllers\\DataController')
 5 SYSTEMPATH/BaseModel.php(676): CodeIgniter\Model->doFindAll(0, 0)
 6 APPPATH/Controllers/DataController.php(19): CodeIgniter\BaseModel->findAll()
 7 SYSTEMPATH/CodeIgniter.php(933): App\Controllers\DataController->index()
 8 SYSTEMPATH/CodeIgniter.php(509): CodeIgniter\CodeIgniter->runController(Object(App\Controllers\DataController))
 9 SYSTEMPATH/CodeIgniter.php(355): CodeIgniter\CodeIgniter->handleRequest(null, Object(Config\Cache), false)
10 SYSTEMPATH/Boot.php(325): CodeIgniter\CodeIgniter->run()
11 SYSTEMPATH/Boot.php(67): CodeIgniter\Boot::runCodeIgniter(Object(CodeIgniter\CodeIgniter))
12 FCPATH/index.php(56): CodeIgniter\Boot::bootWeb(Object(Config\Paths))
13 SYSTEMPATH/rewrite.php(44): require_once('/Users/ahmadrizkimaulana/Downloads/clinicBack/public/index.php')
WARNING - 2024-11-25 10:41:18 --> [DEPRECATED] Creation of dynamic property App\Controllers\DataController::$wali_name is deprecated in SYSTEMPATH/Database/Postgre/Result.php on line 122.
 1 SYSTEMPATH/Database/Postgre/Result.php(122): pg_fetch_object(Object(PgSql\Result), null, 'App\\Controllers\\DataController')
 2 SYSTEMPATH/Database/BaseResult.php(161): CodeIgniter\Database\Postgre\Result->fetchObject('App\\Controllers\\DataController')
 3 SYSTEMPATH/Database/BaseResult.php(116): CodeIgniter\Database\BaseResult->getCustomResultObject('App\\Controllers\\DataController')
 4 SYSTEMPATH/Model.php(287): CodeIgniter\Database\BaseResult->getResult('App\\Controllers\\DataController')
 5 SYSTEMPATH/BaseModel.php(676): CodeIgniter\Model->doFindAll(0, 0)
 6 APPPATH/Controllers/DataController.php(19): CodeIgniter\BaseModel->findAll()
 7 SYSTEMPATH/CodeIgniter.php(933): App\Controllers\DataController->index()
 8 SYSTEMPATH/CodeIgniter.php(509): CodeIgniter\CodeIgniter->runController(Object(App\Controllers\DataController))
 9 SYSTEMPATH/CodeIgniter.php(355): CodeIgniter\CodeIgniter->handleRequest(null, Object(Config\Cache), false)
10 SYSTEMPATH/Boot.php(325): CodeIgniter\CodeIgniter->run()
11 SYSTEMPATH/Boot.php(67): CodeIgniter\Boot::runCodeIgniter(Object(CodeIgniter\CodeIgniter))
12 FCPATH/index.php(56): CodeIgniter\Boot::bootWeb(Object(Config\Paths))
13 SYSTEMPATH/rewrite.php(44): require_once('/Users/ahmadrizkimaulana/Downloads/clinicBack/public/index.php')
WARNING - 2024-11-25 10:41:18 --> [DEPRECATED] Creation of dynamic property App\Controllers\DataController::$al_dusun is deprecated in SYSTEMPATH/Database/Postgre/Result.php on line 122.
 1 SYSTEMPATH/Database/Postgre/Result.php(122): pg_fetch_object(Object(PgSql\Result), null, 'App\\Controllers\\DataController')
 2 SYSTEMPATH/Database/BaseResult.php(161): CodeIgniter\Database\Postgre\Result->fetchObject('App\\Controllers\\DataController')
 3 SYSTEMPATH/Database/BaseResult.php(116): CodeIgniter\Database\BaseResult->getCustomResultObject('App\\Controllers\\DataController')
 4 SYSTEMPATH/Model.php(287): CodeIgniter\Database\BaseResult->getResult('App\\Controllers\\DataController')
 5 SYSTEMPATH/BaseModel.php(676): CodeIgniter\Model->doFindAll(0, 0)
 6 APPPATH/Controllers/DataController.php(19): CodeIgniter\BaseModel->findAll()
 7 SYSTEMPATH/CodeIgniter.php(933): App\Controllers\DataController->index()
 8 SYSTEMPATH/CodeIgniter.php(509): CodeIgniter\CodeIgniter->runController(Object(App\Controllers\DataController))
 9 SYSTEMPATH/CodeIgniter.php(355): CodeIgniter\CodeIgniter->handleRequest(null, Object(Config\Cache), false)
10 SYSTEMPATH/Boot.php(325): CodeIgniter\CodeIgniter->run()
11 SYSTEMPATH/Boot.php(67): CodeIgniter\Boot::runCodeIgniter(Object(CodeIgniter\CodeIgniter))
12 FCPATH/index.php(56): CodeIgniter\Boot::bootWeb(Object(Config\Paths))
13 SYSTEMPATH/rewrite.php(44): require_once('/Users/ahmadrizkimaulana/Downloads/clinicBack/public/index.php')
WARNING - 2024-11-25 10:41:18 --> [DEPRECATED] Creation of dynamic property App\Controllers\DataController::$al_rt is deprecated in SYSTEMPATH/Database/Postgre/Result.php on line 122.
 1 SYSTEMPATH/Database/Postgre/Result.php(122): pg_fetch_object(Object(PgSql\Result), null, 'App\\Controllers\\DataController')
 2 SYSTEMPATH/Database/BaseResult.php(161): CodeIgniter\Database\Postgre\Result->fetchObject('App\\Controllers\\DataController')
 3 SYSTEMPATH/Database/BaseResult.php(116): CodeIgniter\Database\BaseResult->getCustomResultObject('App\\Controllers\\DataController')
 4 SYSTEMPATH/Model.php(287): CodeIgniter\Database\BaseResult->getResult('App\\Controllers\\DataController')
 5 SYSTEMPATH/BaseModel.php(676): CodeIgniter\Model->doFindAll(0, 0)
 6 APPPATH/Controllers/DataController.php(19): CodeIgniter\BaseModel->findAll()
 7 SYSTEMPATH/CodeIgniter.php(933): App\Controllers\DataController->index()
 8 SYSTEMPATH/CodeIgniter.php(509): CodeIgniter\CodeIgniter->runController(Object(App\Controllers\DataController))
 9 SYSTEMPATH/CodeIgniter.php(355): CodeIgniter\CodeIgniter->handleRequest(null, Object(Config\Cache), false)
10 SYSTEMPATH/Boot.php(325): CodeIgniter\CodeIgniter->run()
11 SYSTEMPATH/Boot.php(67): CodeIgniter\Boot::runCodeIgniter(Object(CodeIgniter\CodeIgniter))
12 FCPATH/index.php(56): CodeIgniter\Boot::bootWeb(Object(Config\Paths))
13 SYSTEMPATH/rewrite.php(44): require_once('/Users/ahmadrizkimaulana/Downloads/clinicBack/public/index.php')
WARNING - 2024-11-25 10:41:18 --> [DEPRECATED] Creation of dynamic property App\Controllers\DataController::$al_rw is deprecated in SYSTEMPATH/Database/Postgre/Result.php on line 122.
 1 SYSTEMPATH/Database/Postgre/Result.php(122): pg_fetch_object(Object(PgSql\Result), null, 'App\\Controllers\\DataController')
 2 SYSTEMPATH/Database/BaseResult.php(161): CodeIgniter\Database\Postgre\Result->fetchObject('App\\Controllers\\DataController')
 3 SYSTEMPATH/Database/BaseResult.php(116): CodeIgniter\Database\BaseResult->getCustomResultObject('App\\Controllers\\DataController')
 4 SYSTEMPATH/Model.php(287): CodeIgniter\Database\BaseResult->getResult('App\\Controllers\\DataController')
 5 SYSTEMPATH/BaseModel.php(676): CodeIgniter\Model->doFindAll(0, 0)
 6 APPPATH/Controllers/DataController.php(19): CodeIgniter\BaseModel->findAll()
 7 SYSTEMPATH/CodeIgniter.php(933): App\Controllers\DataController->index()
 8 SYSTEMPATH/CodeIgniter.php(509): CodeIgniter\CodeIgniter->runController(Object(App\Controllers\DataController))
 9 SYSTEMPATH/CodeIgniter.php(355): CodeIgniter\CodeIgniter->handleRequest(null, Object(Config\Cache), false)
10 SYSTEMPATH/Boot.php(325): CodeIgniter\CodeIgniter->run()
11 SYSTEMPATH/Boot.php(67): CodeIgniter\Boot::runCodeIgniter(Object(CodeIgniter\CodeIgniter))
12 FCPATH/index.php(56): CodeIgniter\Boot::bootWeb(Object(Config\Paths))
13 SYSTEMPATH/rewrite.php(44): require_once('/Users/ahmadrizkimaulana/Downloads/clinicBack/public/index.php')
WARNING - 2024-11-25 10:41:18 --> [DEPRECATED] Creation of dynamic property App\Controllers\DataController::$al_desa is deprecated in SYSTEMPATH/Database/Postgre/Result.php on line 122.
 1 SYSTEMPATH/Database/Postgre/Result.php(122): pg_fetch_object(Object(PgSql\Result), null, 'App\\Controllers\\DataController')
 2 SYSTEMPATH/Database/BaseResult.php(161): CodeIgniter\Database\Postgre\Result->fetchObject('App\\Controllers\\DataController')
 3 SYSTEMPATH/Database/BaseResult.php(116): CodeIgniter\Database\BaseResult->getCustomResultObject('App\\Controllers\\DataController')
 4 SYSTEMPATH/Model.php(287): CodeIgniter\Database\BaseResult->getResult('App\\Controllers\\DataController')
 5 SYSTEMPATH/BaseModel.php(676): CodeIgniter\Model->doFindAll(0, 0)
 6 APPPATH/Controllers/DataController.php(19): CodeIgniter\BaseModel->findAll()
 7 SYSTEMPATH/CodeIgniter.php(933): App\Controllers\DataController->index()
 8 SYSTEMPATH/CodeIgniter.php(509): CodeIgniter\CodeIgniter->runController(Object(App\Controllers\DataController))
 9 SYSTEMPATH/CodeIgniter.php(355): CodeIgniter\CodeIgniter->handleRequest(null, Object(Config\Cache), false)
10 SYSTEMPATH/Boot.php(325): CodeIgniter\CodeIgniter->run()
11 SYSTEMPATH/Boot.php(67): CodeIgniter\Boot::runCodeIgniter(Object(CodeIgniter\CodeIgniter))
12 FCPATH/index.php(56): CodeIgniter\Boot::bootWeb(Object(Config\Paths))
13 SYSTEMPATH/rewrite.php(44): require_once('/Users/ahmadrizkimaulana/Downloads/clinicBack/public/index.php')
WARNING - 2024-11-25 10:41:18 --> [DEPRECATED] Creation of dynamic property App\Controllers\DataController::$al_kecamatan is deprecated in SYSTEMPATH/Database/Postgre/Result.php on line 122.
 1 SYSTEMPATH/Database/Postgre/Result.php(122): pg_fetch_object(Object(PgSql\Result), null, 'App\\Controllers\\DataController')
 2 SYSTEMPATH/Database/BaseResult.php(161): CodeIgniter\Database\Postgre\Result->fetchObject('App\\Controllers\\DataController')
 3 SYSTEMPATH/Database/BaseResult.php(116): CodeIgniter\Database\BaseResult->getCustomResultObject('App\\Controllers\\DataController')
 4 SYSTEMPATH/Model.php(287): CodeIgniter\Database\BaseResult->getResult('App\\Controllers\\DataController')
 5 SYSTEMPATH/BaseModel.php(676): CodeIgniter\Model->doFindAll(0, 0)
 6 APPPATH/Controllers/DataController.php(19): CodeIgniter\BaseModel->findAll()
 7 SYSTEMPATH/CodeIgniter.php(933): App\Controllers\DataController->index()
 8 SYSTEMPATH/CodeIgniter.php(509): CodeIgniter\CodeIgniter->runController(Object(App\Controllers\DataController))
 9 SYSTEMPATH/CodeIgniter.php(355): CodeIgniter\CodeIgniter->handleRequest(null, Object(Config\Cache), false)
10 SYSTEMPATH/Boot.php(325): CodeIgniter\CodeIgniter->run()
11 SYSTEMPATH/Boot.php(67): CodeIgniter\Boot::runCodeIgniter(Object(CodeIgniter\CodeIgniter))
12 FCPATH/index.php(56): CodeIgniter\Boot::bootWeb(Object(Config\Paths))
13 SYSTEMPATH/rewrite.php(44): require_once('/Users/ahmadrizkimaulana/Downloads/clinicBack/public/index.php')
WARNING - 2024-11-25 10:41:18 --> [DEPRECATED] Creation of dynamic property App\Controllers\DataController::$al_kota is deprecated in SYSTEMPATH/Database/Postgre/Result.php on line 122.
 1 SYSTEMPATH/Database/Postgre/Result.php(122): pg_fetch_object(Object(PgSql\Result), null, 'App\\Controllers\\DataController')
 2 SYSTEMPATH/Database/BaseResult.php(161): CodeIgniter\Database\Postgre\Result->fetchObject('App\\Controllers\\DataController')
 3 SYSTEMPATH/Database/BaseResult.php(116): CodeIgniter\Database\BaseResult->getCustomResultObject('App\\Controllers\\DataController')
 4 SYSTEMPATH/Model.php(287): CodeIgniter\Database\BaseResult->getResult('App\\Controllers\\DataController')
 5 SYSTEMPATH/BaseModel.php(676): CodeIgniter\Model->doFindAll(0, 0)
 6 APPPATH/Controllers/DataController.php(19): CodeIgniter\BaseModel->findAll()
 7 SYSTEMPATH/CodeIgniter.php(933): App\Controllers\DataController->index()
 8 SYSTEMPATH/CodeIgniter.php(509): CodeIgniter\CodeIgniter->runController(Object(App\Controllers\DataController))
 9 SYSTEMPATH/CodeIgniter.php(355): CodeIgniter\CodeIgniter->handleRequest(null, Object(Config\Cache), false)
10 SYSTEMPATH/Boot.php(325): CodeIgniter\CodeIgniter->run()
11 SYSTEMPATH/Boot.php(67): CodeIgniter\Boot::runCodeIgniter(Object(CodeIgniter\CodeIgniter))
12 FCPATH/index.php(56): CodeIgniter\Boot::bootWeb(Object(Config\Paths))
13 SYSTEMPATH/rewrite.php(44): require_once('/Users/ahmadrizkimaulana/Downloads/clinicBack/public/index.php')
WARNING - 2024-11-25 10:41:18 --> [DEPRECATED] Creation of dynamic property App\Controllers\DataController::$user_role is deprecated in SYSTEMPATH/Database/Postgre/Result.php on line 122.
 1 SYSTEMPATH/Database/Postgre/Result.php(122): pg_fetch_object(Object(PgSql\Result), null, 'App\\Controllers\\DataController')
 2 SYSTEMPATH/Database/BaseResult.php(161): CodeIgniter\Database\Postgre\Result->fetchObject('App\\Controllers\\DataController')
 3 SYSTEMPATH/Database/BaseResult.php(116): CodeIgniter\Database\BaseResult->getCustomResultObject('App\\Controllers\\DataController')
 4 SYSTEMPATH/Model.php(287): CodeIgniter\Database\BaseResult->getResult('App\\Controllers\\DataController')
 5 SYSTEMPATH/BaseModel.php(676): CodeIgniter\Model->doFindAll(0, 0)
 6 APPPATH/Controllers/DataController.php(19): CodeIgniter\BaseModel->findAll()
 7 SYSTEMPATH/CodeIgniter.php(933): App\Controllers\DataController->index()
 8 SYSTEMPATH/CodeIgniter.php(509): CodeIgniter\CodeIgniter->runController(Object(App\Controllers\DataController))
 9 SYSTEMPATH/CodeIgniter.php(355): CodeIgniter\CodeIgniter->handleRequest(null, Object(Config\Cache), false)
10 SYSTEMPATH/Boot.php(325): CodeIgniter\CodeIgniter->run()
11 SYSTEMPATH/Boot.php(67): CodeIgniter\Boot::runCodeIgniter(Object(CodeIgniter\CodeIgniter))
12 FCPATH/index.php(56): CodeIgniter\Boot::bootWeb(Object(Config\Paths))
13 SYSTEMPATH/rewrite.php(44): require_once('/Users/ahmadrizkimaulana/Downloads/clinicBack/public/index.php')
WARNING - 2024-11-25 10:41:40 --> [DEPRECATED] Creation of dynamic property App\Controllers\DataController::$id is deprecated in SYSTEMPATH/Database/Postgre/Result.php on line 122.
 1 SYSTEMPATH/Database/Postgre/Result.php(122): pg_fetch_object(Object(PgSql\Result), null, 'App\\Controllers\\DataController')
 2 SYSTEMPATH/Database/BaseResult.php(161): CodeIgniter\Database\Postgre\Result->fetchObject('App\\Controllers\\DataController')
 3 SYSTEMPATH/Database/BaseResult.php(116): CodeIgniter\Database\BaseResult->getCustomResultObject('App\\Controllers\\DataController')
 4 SYSTEMPATH/Model.php(287): CodeIgniter\Database\BaseResult->getResult('App\\Controllers\\DataController')
 5 SYSTEMPATH/BaseModel.php(676): CodeIgniter\Model->doFindAll(0, 0)
 6 APPPATH/Controllers/DataController.php(19): CodeIgniter\BaseModel->findAll()
 7 SYSTEMPATH/CodeIgniter.php(933): App\Controllers\DataController->index()
 8 SYSTEMPATH/CodeIgniter.php(509): CodeIgniter\CodeIgniter->runController(Object(App\Controllers\DataController))
 9 SYSTEMPATH/CodeIgniter.php(355): CodeIgniter\CodeIgniter->handleRequest(null, Object(Config\Cache), false)
10 SYSTEMPATH/Boot.php(325): CodeIgniter\CodeIgniter->run()
11 SYSTEMPATH/Boot.php(67): CodeIgniter\Boot::runCodeIgniter(Object(CodeIgniter\CodeIgniter))
12 FCPATH/index.php(56): CodeIgniter\Boot::bootWeb(Object(Config\Paths))
13 SYSTEMPATH/rewrite.php(44): require_once('/Users/ahmadrizkimaulana/Downloads/clinicBack/public/index.php')
WARNING - 2024-11-25 10:41:40 --> [DEPRECATED] Creation of dynamic property App\Controllers\DataController::$user_name is deprecated in SYSTEMPATH/Database/Postgre/Result.php on line 122.
 1 SYSTEMPATH/Database/Postgre/Result.php(122): pg_fetch_object(Object(PgSql\Result), null, 'App\\Controllers\\DataController')
 2 SYSTEMPATH/Database/BaseResult.php(161): CodeIgniter\Database\Postgre\Result->fetchObject('App\\Controllers\\DataController')
 3 SYSTEMPATH/Database/BaseResult.php(116): CodeIgniter\Database\BaseResult->getCustomResultObject('App\\Controllers\\DataController')
 4 SYSTEMPATH/Model.php(287): CodeIgniter\Database\BaseResult->getResult('App\\Controllers\\DataController')
 5 SYSTEMPATH/BaseModel.php(676): CodeIgniter\Model->doFindAll(0, 0)
 6 APPPATH/Controllers/DataController.php(19): CodeIgniter\BaseModel->findAll()
 7 SYSTEMPATH/CodeIgniter.php(933): App\Controllers\DataController->index()
 8 SYSTEMPATH/CodeIgniter.php(509): CodeIgniter\CodeIgniter->runController(Object(App\Controllers\DataController))
 9 SYSTEMPATH/CodeIgniter.php(355): CodeIgniter\CodeIgniter->handleRequest(null, Object(Config\Cache), false)
10 SYSTEMPATH/Boot.php(325): CodeIgniter\CodeIgniter->run()
11 SYSTEMPATH/Boot.php(67): CodeIgniter\Boot::runCodeIgniter(Object(CodeIgniter\CodeIgniter))
12 FCPATH/index.php(56): CodeIgniter\Boot::bootWeb(Object(Config\Paths))
13 SYSTEMPATH/rewrite.php(44): require_once('/Users/ahmadrizkimaulana/Downloads/clinicBack/public/index.php')
WARNING - 2024-11-25 10:41:40 --> [DEPRECATED] Creation of dynamic property App\Controllers\DataController::$tanggal_lahir is deprecated in SYSTEMPATH/Database/Postgre/Result.php on line 122.
 1 SYSTEMPATH/Database/Postgre/Result.php(122): pg_fetch_object(Object(PgSql\Result), null, 'App\\Controllers\\DataController')
 2 SYSTEMPATH/Database/BaseResult.php(161): CodeIgniter\Database\Postgre\Result->fetchObject('App\\Controllers\\DataController')
 3 SYSTEMPATH/Database/BaseResult.php(116): CodeIgniter\Database\BaseResult->getCustomResultObject('App\\Controllers\\DataController')
 4 SYSTEMPATH/Model.php(287): CodeIgniter\Database\BaseResult->getResult('App\\Controllers\\DataController')
 5 SYSTEMPATH/BaseModel.php(676): CodeIgniter\Model->doFindAll(0, 0)
 6 APPPATH/Controllers/DataController.php(19): CodeIgniter\BaseModel->findAll()
 7 SYSTEMPATH/CodeIgniter.php(933): App\Controllers\DataController->index()
 8 SYSTEMPATH/CodeIgniter.php(509): CodeIgniter\CodeIgniter->runController(Object(App\Controllers\DataController))
 9 SYSTEMPATH/CodeIgniter.php(355): CodeIgniter\CodeIgniter->handleRequest(null, Object(Config\Cache), false)
10 SYSTEMPATH/Boot.php(325): CodeIgniter\CodeIgniter->run()
11 SYSTEMPATH/Boot.php(67): CodeIgniter\Boot::runCodeIgniter(Object(CodeIgniter\CodeIgniter))
12 FCPATH/index.php(56): CodeIgniter\Boot::bootWeb(Object(Config\Paths))
13 SYSTEMPATH/rewrite.php(44): require_once('/Users/ahmadrizkimaulana/Downloads/clinicBack/public/index.php')
WARNING - 2024-11-25 10:41:40 --> [DEPRECATED] Creation of dynamic property App\Controllers\DataController::$nik is deprecated in SYSTEMPATH/Database/Postgre/Result.php on line 122.
 1 SYSTEMPATH/Database/Postgre/Result.php(122): pg_fetch_object(Object(PgSql\Result), null, 'App\\Controllers\\DataController')
 2 SYSTEMPATH/Database/BaseResult.php(161): CodeIgniter\Database\Postgre\Result->fetchObject('App\\Controllers\\DataController')
 3 SYSTEMPATH/Database/BaseResult.php(116): CodeIgniter\Database\BaseResult->getCustomResultObject('App\\Controllers\\DataController')
 4 SYSTEMPATH/Model.php(287): CodeIgniter\Database\BaseResult->getResult('App\\Controllers\\DataController')
 5 SYSTEMPATH/BaseModel.php(676): CodeIgniter\Model->doFindAll(0, 0)
 6 APPPATH/Controllers/DataController.php(19): CodeIgniter\BaseModel->findAll()
 7 SYSTEMPATH/CodeIgniter.php(933): App\Controllers\DataController->index()
 8 SYSTEMPATH/CodeIgniter.php(509): CodeIgniter\CodeIgniter->runController(Object(App\Controllers\DataController))
 9 SYSTEMPATH/CodeIgniter.php(355): CodeIgniter\CodeIgniter->handleRequest(null, Object(Config\Cache), false)
10 SYSTEMPATH/Boot.php(325): CodeIgniter\CodeIgniter->run()
11 SYSTEMPATH/Boot.php(67): CodeIgniter\Boot::runCodeIgniter(Object(CodeIgniter\CodeIgniter))
12 FCPATH/index.php(56): CodeIgniter\Boot::bootWeb(Object(Config\Paths))
13 SYSTEMPATH/rewrite.php(44): require_once('/Users/ahmadrizkimaulana/Downloads/clinicBack/public/index.php')
WARNING - 2024-11-25 10:41:40 --> [DEPRECATED] Creation of dynamic property App\Controllers\DataController::$status_nik is deprecated in SYSTEMPATH/Database/Postgre/Result.php on line 122.
 1 SYSTEMPATH/Database/Postgre/Result.php(122): pg_fetch_object(Object(PgSql\Result), null, 'App\\Controllers\\DataController')
 2 SYSTEMPATH/Database/BaseResult.php(161): CodeIgniter\Database\Postgre\Result->fetchObject('App\\Controllers\\DataController')
 3 SYSTEMPATH/Database/BaseResult.php(116): CodeIgniter\Database\BaseResult->getCustomResultObject('App\\Controllers\\DataController')
 4 SYSTEMPATH/Model.php(287): CodeIgniter\Database\BaseResult->getResult('App\\Controllers\\DataController')
 5 SYSTEMPATH/BaseModel.php(676): CodeIgniter\Model->doFindAll(0, 0)
 6 APPPATH/Controllers/DataController.php(19): CodeIgniter\BaseModel->findAll()
 7 SYSTEMPATH/CodeIgniter.php(933): App\Controllers\DataController->index()
 8 SYSTEMPATH/CodeIgniter.php(509): CodeIgniter\CodeIgniter->runController(Object(App\Controllers\DataController))
 9 SYSTEMPATH/CodeIgniter.php(355): CodeIgniter\CodeIgniter->handleRequest(null, Object(Config\Cache), false)
10 SYSTEMPATH/Boot.php(325): CodeIgniter\CodeIgniter->run()
11 SYSTEMPATH/Boot.php(67): CodeIgniter\Boot::runCodeIgniter(Object(CodeIgniter\CodeIgniter))
12 FCPATH/index.php(56): CodeIgniter\Boot::bootWeb(Object(Config\Paths))
13 SYSTEMPATH/rewrite.php(44): require_once('/Users/ahmadrizkimaulana/Downloads/clinicBack/public/index.php')
WARNING - 2024-11-25 10:41:40 --> [DEPRECATED] Creation of dynamic property App\Controllers\DataController::$wali_name is deprecated in SYSTEMPATH/Database/Postgre/Result.php on line 122.
 1 SYSTEMPATH/Database/Postgre/Result.php(122): pg_fetch_object(Object(PgSql\Result), null, 'App\\Controllers\\DataController')
 2 SYSTEMPATH/Database/BaseResult.php(161): CodeIgniter\Database\Postgre\Result->fetchObject('App\\Controllers\\DataController')
 3 SYSTEMPATH/Database/BaseResult.php(116): CodeIgniter\Database\BaseResult->getCustomResultObject('App\\Controllers\\DataController')
 4 SYSTEMPATH/Model.php(287): CodeIgniter\Database\BaseResult->getResult('App\\Controllers\\DataController')
 5 SYSTEMPATH/BaseModel.php(676): CodeIgniter\Model->doFindAll(0, 0)
 6 APPPATH/Controllers/DataController.php(19): CodeIgniter\BaseModel->findAll()
 7 SYSTEMPATH/CodeIgniter.php(933): App\Controllers\DataController->index()
 8 SYSTEMPATH/CodeIgniter.php(509): CodeIgniter\CodeIgniter->runController(Object(App\Controllers\DataController))
 9 SYSTEMPATH/CodeIgniter.php(355): CodeIgniter\CodeIgniter->handleRequest(null, Object(Config\Cache), false)
10 SYSTEMPATH/Boot.php(325): CodeIgniter\CodeIgniter->run()
11 SYSTEMPATH/Boot.php(67): CodeIgniter\Boot::runCodeIgniter(Object(CodeIgniter\CodeIgniter))
12 FCPATH/index.php(56): CodeIgniter\Boot::bootWeb(Object(Config\Paths))
13 SYSTEMPATH/rewrite.php(44): require_once('/Users/ahmadrizkimaulana/Downloads/clinicBack/public/index.php')
WARNING - 2024-11-25 10:41:40 --> [DEPRECATED] Creation of dynamic property App\Controllers\DataController::$al_dusun is deprecated in SYSTEMPATH/Database/Postgre/Result.php on line 122.
 1 SYSTEMPATH/Database/Postgre/Result.php(122): pg_fetch_object(Object(PgSql\Result), null, 'App\\Controllers\\DataController')
 2 SYSTEMPATH/Database/BaseResult.php(161): CodeIgniter\Database\Postgre\Result->fetchObject('App\\Controllers\\DataController')
 3 SYSTEMPATH/Database/BaseResult.php(116): CodeIgniter\Database\BaseResult->getCustomResultObject('App\\Controllers\\DataController')
 4 SYSTEMPATH/Model.php(287): CodeIgniter\Database\BaseResult->getResult('App\\Controllers\\DataController')
 5 SYSTEMPATH/BaseModel.php(676): CodeIgniter\Model->doFindAll(0, 0)
 6 APPPATH/Controllers/DataController.php(19): CodeIgniter\BaseModel->findAll()
 7 SYSTEMPATH/CodeIgniter.php(933): App\Controllers\DataController->index()
 8 SYSTEMPATH/CodeIgniter.php(509): CodeIgniter\CodeIgniter->runController(Object(App\Controllers\DataController))
 9 SYSTEMPATH/CodeIgniter.php(355): CodeIgniter\CodeIgniter->handleRequest(null, Object(Config\Cache), false)
10 SYSTEMPATH/Boot.php(325): CodeIgniter\CodeIgniter->run()
11 SYSTEMPATH/Boot.php(67): CodeIgniter\Boot::runCodeIgniter(Object(CodeIgniter\CodeIgniter))
12 FCPATH/index.php(56): CodeIgniter\Boot::bootWeb(Object(Config\Paths))
13 SYSTEMPATH/rewrite.php(44): require_once('/Users/ahmadrizkimaulana/Downloads/clinicBack/public/index.php')
WARNING - 2024-11-25 10:41:40 --> [DEPRECATED] Creation of dynamic property App\Controllers\DataController::$al_rt is deprecated in SYSTEMPATH/Database/Postgre/Result.php on line 122.
 1 SYSTEMPATH/Database/Postgre/Result.php(122): pg_fetch_object(Object(PgSql\Result), null, 'App\\Controllers\\DataController')
 2 SYSTEMPATH/Database/BaseResult.php(161): CodeIgniter\Database\Postgre\Result->fetchObject('App\\Controllers\\DataController')
 3 SYSTEMPATH/Database/BaseResult.php(116): CodeIgniter\Database\BaseResult->getCustomResultObject('App\\Controllers\\DataController')
 4 SYSTEMPATH/Model.php(287): CodeIgniter\Database\BaseResult->getResult('App\\Controllers\\DataController')
 5 SYSTEMPATH/BaseModel.php(676): CodeIgniter\Model->doFindAll(0, 0)
 6 APPPATH/Controllers/DataController.php(19): CodeIgniter\BaseModel->findAll()
 7 SYSTEMPATH/CodeIgniter.php(933): App\Controllers\DataController->index()
 8 SYSTEMPATH/CodeIgniter.php(509): CodeIgniter\CodeIgniter->runController(Object(App\Controllers\DataController))
 9 SYSTEMPATH/CodeIgniter.php(355): CodeIgniter\CodeIgniter->handleRequest(null, Object(Config\Cache), false)
10 SYSTEMPATH/Boot.php(325): CodeIgniter\CodeIgniter->run()
11 SYSTEMPATH/Boot.php(67): CodeIgniter\Boot::runCodeIgniter(Object(CodeIgniter\CodeIgniter))
12 FCPATH/index.php(56): CodeIgniter\Boot::bootWeb(Object(Config\Paths))
13 SYSTEMPATH/rewrite.php(44): require_once('/Users/ahmadrizkimaulana/Downloads/clinicBack/public/index.php')
WARNING - 2024-11-25 10:41:40 --> [DEPRECATED] Creation of dynamic property App\Controllers\DataController::$al_rw is deprecated in SYSTEMPATH/Database/Postgre/Result.php on line 122.
 1 SYSTEMPATH/Database/Postgre/Result.php(122): pg_fetch_object(Object(PgSql\Result), null, 'App\\Controllers\\DataController')
 2 SYSTEMPATH/Database/BaseResult.php(161): CodeIgniter\Database\Postgre\Result->fetchObject('App\\Controllers\\DataController')
 3 SYSTEMPATH/Database/BaseResult.php(116): CodeIgniter\Database\BaseResult->getCustomResultObject('App\\Controllers\\DataController')
 4 SYSTEMPATH/Model.php(287): CodeIgniter\Database\BaseResult->getResult('App\\Controllers\\DataController')
 5 SYSTEMPATH/BaseModel.php(676): CodeIgniter\Model->doFindAll(0, 0)
 6 APPPATH/Controllers/DataController.php(19): CodeIgniter\BaseModel->findAll()
 7 SYSTEMPATH/CodeIgniter.php(933): App\Controllers\DataController->index()
 8 SYSTEMPATH/CodeIgniter.php(509): CodeIgniter\CodeIgniter->runController(Object(App\Controllers\DataController))
 9 SYSTEMPATH/CodeIgniter.php(355): CodeIgniter\CodeIgniter->handleRequest(null, Object(Config\Cache), false)
10 SYSTEMPATH/Boot.php(325): CodeIgniter\CodeIgniter->run()
11 SYSTEMPATH/Boot.php(67): CodeIgniter\Boot::runCodeIgniter(Object(CodeIgniter\CodeIgniter))
12 FCPATH/index.php(56): CodeIgniter\Boot::bootWeb(Object(Config\Paths))
13 SYSTEMPATH/rewrite.php(44): require_once('/Users/ahmadrizkimaulana/Downloads/clinicBack/public/index.php')
WARNING - 2024-11-25 10:41:40 --> [DEPRECATED] Creation of dynamic property App\Controllers\DataController::$al_desa is deprecated in SYSTEMPATH/Database/Postgre/Result.php on line 122.
 1 SYSTEMPATH/Database/Postgre/Result.php(122): pg_fetch_object(Object(PgSql\Result), null, 'App\\Controllers\\DataController')
 2 SYSTEMPATH/Database/BaseResult.php(161): CodeIgniter\Database\Postgre\Result->fetchObject('App\\Controllers\\DataController')
 3 SYSTEMPATH/Database/BaseResult.php(116): CodeIgniter\Database\BaseResult->getCustomResultObject('App\\Controllers\\DataController')
 4 SYSTEMPATH/Model.php(287): CodeIgniter\Database\BaseResult->getResult('App\\Controllers\\DataController')
 5 SYSTEMPATH/BaseModel.php(676): CodeIgniter\Model->doFindAll(0, 0)
 6 APPPATH/Controllers/DataController.php(19): CodeIgniter\BaseModel->findAll()
 7 SYSTEMPATH/CodeIgniter.php(933): App\Controllers\DataController->index()
 8 SYSTEMPATH/CodeIgniter.php(509): CodeIgniter\CodeIgniter->runController(Object(App\Controllers\DataController))
 9 SYSTEMPATH/CodeIgniter.php(355): CodeIgniter\CodeIgniter->handleRequest(null, Object(Config\Cache), false)
10 SYSTEMPATH/Boot.php(325): CodeIgniter\CodeIgniter->run()
11 SYSTEMPATH/Boot.php(67): CodeIgniter\Boot::runCodeIgniter(Object(CodeIgniter\CodeIgniter))
12 FCPATH/index.php(56): CodeIgniter\Boot::bootWeb(Object(Config\Paths))
13 SYSTEMPATH/rewrite.php(44): require_once('/Users/ahmadrizkimaulana/Downloads/clinicBack/public/index.php')
WARNING - 2024-11-25 10:41:40 --> [DEPRECATED] Creation of dynamic property App\Controllers\DataController::$al_kecamatan is deprecated in SYSTEMPATH/Database/Postgre/Result.php on line 122.
 1 SYSTEMPATH/Database/Postgre/Result.php(122): pg_fetch_object(Object(PgSql\Result), null, 'App\\Controllers\\DataController')
 2 SYSTEMPATH/Database/BaseResult.php(161): CodeIgniter\Database\Postgre\Result->fetchObject('App\\Controllers\\DataController')
 3 SYSTEMPATH/Database/BaseResult.php(116): CodeIgniter\Database\BaseResult->getCustomResultObject('App\\Controllers\\DataController')
 4 SYSTEMPATH/Model.php(287): CodeIgniter\Database\BaseResult->getResult('App\\Controllers\\DataController')
 5 SYSTEMPATH/BaseModel.php(676): CodeIgniter\Model->doFindAll(0, 0)
 6 APPPATH/Controllers/DataController.php(19): CodeIgniter\BaseModel->findAll()
 7 SYSTEMPATH/CodeIgniter.php(933): App\Controllers\DataController->index()
 8 SYSTEMPATH/CodeIgniter.php(509): CodeIgniter\CodeIgniter->runController(Object(App\Controllers\DataController))
 9 SYSTEMPATH/CodeIgniter.php(355): CodeIgniter\CodeIgniter->handleRequest(null, Object(Config\Cache), false)
10 SYSTEMPATH/Boot.php(325): CodeIgniter\CodeIgniter->run()
11 SYSTEMPATH/Boot.php(67): CodeIgniter\Boot::runCodeIgniter(Object(CodeIgniter\CodeIgniter))
12 FCPATH/index.php(56): CodeIgniter\Boot::bootWeb(Object(Config\Paths))
13 SYSTEMPATH/rewrite.php(44): require_once('/Users/ahmadrizkimaulana/Downloads/clinicBack/public/index.php')
WARNING - 2024-11-25 10:41:40 --> [DEPRECATED] Creation of dynamic property App\Controllers\DataController::$al_kota is deprecated in SYSTEMPATH/Database/Postgre/Result.php on line 122.
 1 SYSTEMPATH/Database/Postgre/Result.php(122): pg_fetch_object(Object(PgSql\Result), null, 'App\\Controllers\\DataController')
 2 SYSTEMPATH/Database/BaseResult.php(161): CodeIgniter\Database\Postgre\Result->fetchObject('App\\Controllers\\DataController')
 3 SYSTEMPATH/Database/BaseResult.php(116): CodeIgniter\Database\BaseResult->getCustomResultObject('App\\Controllers\\DataController')
 4 SYSTEMPATH/Model.php(287): CodeIgniter\Database\BaseResult->getResult('App\\Controllers\\DataController')
 5 SYSTEMPATH/BaseModel.php(676): CodeIgniter\Model->doFindAll(0, 0)
 6 APPPATH/Controllers/DataController.php(19): CodeIgniter\BaseModel->findAll()
 7 SYSTEMPATH/CodeIgniter.php(933): App\Controllers\DataController->index()
 8 SYSTEMPATH/CodeIgniter.php(509): CodeIgniter\CodeIgniter->runController(Object(App\Controllers\DataController))
 9 SYSTEMPATH/CodeIgniter.php(355): CodeIgniter\CodeIgniter->handleRequest(null, Object(Config\Cache), false)
10 SYSTEMPATH/Boot.php(325): CodeIgniter\CodeIgniter->run()
11 SYSTEMPATH/Boot.php(67): CodeIgniter\Boot::runCodeIgniter(Object(CodeIgniter\CodeIgniter))
12 FCPATH/index.php(56): CodeIgniter\Boot::bootWeb(Object(Config\Paths))
13 SYSTEMPATH/rewrite.php(44): require_once('/Users/ahmadrizkimaulana/Downloads/clinicBack/public/index.php')
WARNING - 2024-11-25 10:41:40 --> [DEPRECATED] Creation of dynamic property App\Controllers\DataController::$user_role is deprecated in SYSTEMPATH/Database/Postgre/Result.php on line 122.
 1 SYSTEMPATH/Database/Postgre/Result.php(122): pg_fetch_object(Object(PgSql\Result), null, 'App\\Controllers\\DataController')
 2 SYSTEMPATH/Database/BaseResult.php(161): CodeIgniter\Database\Postgre\Result->fetchObject('App\\Controllers\\DataController')
 3 SYSTEMPATH/Database/BaseResult.php(116): CodeIgniter\Database\BaseResult->getCustomResultObject('App\\Controllers\\DataController')
 4 SYSTEMPATH/Model.php(287): CodeIgniter\Database\BaseResult->getResult('App\\Controllers\\DataController')
 5 SYSTEMPATH/BaseModel.php(676): CodeIgniter\Model->doFindAll(0, 0)
 6 APPPATH/Controllers/DataController.php(19): CodeIgniter\BaseModel->findAll()
 7 SYSTEMPATH/CodeIgniter.php(933): App\Controllers\DataController->index()
 8 SYSTEMPATH/CodeIgniter.php(509): CodeIgniter\CodeIgniter->runController(Object(App\Controllers\DataController))
 9 SYSTEMPATH/CodeIgniter.php(355): CodeIgniter\CodeIgniter->handleRequest(null, Object(Config\Cache), false)
10 SYSTEMPATH/Boot.php(325): CodeIgniter\CodeIgniter->run()
11 SYSTEMPATH/Boot.php(67): CodeIgniter\Boot::runCodeIgniter(Object(CodeIgniter\CodeIgniter))
12 FCPATH/index.php(56): CodeIgniter\Boot::bootWeb(Object(Config\Paths))
13 SYSTEMPATH/rewrite.php(44): require_once('/Users/ahmadrizkimaulana/Downloads/clinicBack/public/index.php')
